12:56:10 - System.UnauthorizedAccessException: Cannot write to the registry key.
   at Microsoft.Win32.RegistryKey.EnsureWriteable()
   at Microsoft.Win32.RegistryKey.SetValue(String name, Object value, RegistryValueKind valueKind)
   at ScriptHelper.Tweaks.<>c.<.cctor>b__0_6(Boolean _)
   at ScriptHelper.Program.Main(String[] args)
12:56:18 - System.UnauthorizedAccessException: Cannot write to the registry key.
   at Microsoft.Win32.RegistryKey.EnsureWriteable()
   at Microsoft.Win32.RegistryKey.SetValue(String name, Object value, RegistryValueKind valueKind)
   at ScriptHelper.Tweaks.<>c.<.cctor>b__0_6(Boolean _)
   at ScriptHelper.Program.Main(String[] args)
12:56:20 - System.UnauthorizedAccessException: Cannot write to the registry key.
   at Microsoft.Win32.RegistryKey.EnsureWriteable()
   at Microsoft.Win32.RegistryKey.SetValue(String name, Object value, RegistryValueKind valueKind)
   at ScriptHelper.Tweaks.<>c.<.cctor>b__0_2(Boolean _)
   at ScriptHelper.Program.Main(String[] args)
12:56:21 - System.UnauthorizedAccessException: Cannot write to the registry key.
   at Microsoft.Win32.RegistryKey.EnsureWriteable()
   at Microsoft.Win32.RegistryKey.SetValue(String name, Object value, RegistryValueKind valueKind)
   at ScriptHelper.Tweaks.<>c.<.cctor>b__0_2(Boolean _)
   at ScriptHelper.Program.Main(String[] args)
12:57:53 - System.UnauthorizedAccessException: Cannot write to the registry key.
   at Microsoft.Win32.RegistryKey.EnsureWriteable()
   at Microsoft.Win32.RegistryKey.SetValue(String name, Object value, RegistryValueKind valueKind)
   at ScriptHelper.Tweaks.<>c.<.cctor>b__0_6(Boolean _)
   at ScriptHelper.Program.Main(String[] args)
12:57:55 - System.UnauthorizedAccessException: Cannot write to the registry key.
   at Microsoft.Win32.RegistryKey.EnsureWriteable()
   at Microsoft.Win32.RegistryKey.SetValue(String name, Object value, RegistryValueKind valueKind)
   at ScriptHelper.Tweaks.<>c.<.cctor>b__0_2(Boolean _)
   at ScriptHelper.Program.Main(String[] args)
