--------------------------------------------------
12:56:08 - Application startup
12:56:08 - [0s] Starte Automatizer als Daemon / Service.
12:56:08 - Starte Automatizer als Daemon / Service.
12:57:24 - [76s] Angehängt an "msiexec"
12:57:24 - Angehängt an "msiexec"
12:57:24 - [76s] Nach Fenstern suchen ...
12:57:24 - Nach Fenstern suchen ...
12:57:24 - [76s] Fenster gefunden "Tachidesk Sorayomi".
12:57:24 - Fenster gefunden "Tachidesk Sorayomi".
12:57:24 - [76s] Looking for buttons to press...
12:57:24 - Looking for buttons to press...
12:57:26 - [78s] Fenster geschlossen
12:57:26 - Fenster geschlossen
12:57:28 - [80s] Angehängt an "msiexec"
12:57:28 - Angehängt an "msiexec"
12:57:28 - [80s] Nach Fenstern suchen ...
12:57:28 - Nach Fenstern suchen ...
12:57:28 - [80s] Fenster gefunden "Futuremark SystemInfo".
12:57:28 - Fenster gefunden "Futuremark SystemInfo".
12:57:29 - [81s] Looking for buttons to press...
12:57:29 - Looking for buttons to press...
12:57:29 - [81s] Fenster geschlossen
12:57:29 - Fenster geschlossen
12:57:30 - [82s] Angehängt an "msiexec"
12:57:30 - Angehängt an "msiexec"
12:57:47 - [99s] Automatisierung war erfolgreich!
12:57:47 - Automatisierung war erfolgreich!
--------------------------------------------------
12:57:53 - Application startup
12:57:53 - [0s] Starte Automatizer als Daemon / Service.
12:57:53 - Starte Automatizer als Daemon / Service.
12:57:56 - [4s] Automatisierung war erfolgreich!
12:57:56 - Automatisierung war erfolgreich!
