2020-12-11 20:22:33Z [Information]: ---------------------------------------------------------------
2020-12-11 20:22:33Z [Information]: Rapr started
2020-12-11 20:22:33Z [Information]: Driver Store wird überprüft...
2020-12-11 20:22:39Z [Information]: Bereit
2020-12-11 20:22:46Z [Information]: 1 Treiber ausgewählt. Gesamtgröße: 6 MB.
2020-12-11 22:09:21Z [Information]: Driver Store wird überprüft...
2020-12-11 22:09:26Z [Information]: Bereit
2020-12-11 22:09:29Z [Information]: Shutting down - reason UserClosing
2021-03-27 10:51:31Z [Information]: ---------------------------------------------------------------
2021-03-27 10:51:31Z [Information]: Rapr started
2021-03-27 10:51:31Z [Information]: Driver Store wird überprüft...
2021-03-27 10:51:35Z [Information]: Bereit
2021-03-27 10:51:58Z [Information]: 1 Treiber ausgewählt. Gesamtgröße: 11 MB.
2021-03-27 10:52:22Z [Information]: 2 Treiber ausgewählt. Gesamtgröße: 11 MB.
2021-03-27 10:52:23Z [Information]: 3 Treiber ausgewählt. Gesamtgröße: 11 MB.
2021-03-27 10:52:35Z [Information]: 4 Treiber ausgewählt. Gesamtgröße: 922 MB.
2021-03-27 10:52:46Z [Information]: 5 Treiber ausgewählt. Gesamtgröße: 929 MB.
2021-03-27 10:53:04Z [Information]: 6 Treiber ausgewählt. Gesamtgröße: 929 MB.
2021-03-27 10:53:53Z [Information]: 1 Treiber ausgewählt. Gesamtgröße: 6 MB.
2021-03-27 10:54:00Z [Information]: Lösche Treiberpaket(e)...
oem42.inf - rt640x64.inf
2021-03-27 10:54:03Z [Information]: rt640x64.inf (oem42.inf) wurde aus dem Driver Store gelöscht.
2021-03-27 10:54:09Z [Information]: 1 Treiber ausgewählt. Gesamtgröße: 912 MB.
2021-03-27 10:54:16Z [Information]: Lösche Treiberpaket(e)...
oem20.inf - u0357291.inf
2021-03-27 10:54:16Z [Information]: u0357291.inf (oem20.inf) wurde aus dem Driver Store gelöscht.
2021-03-27 10:54:20Z [Information]: Shutting down - reason UserClosing
2021-05-09 21:32:25Z [Information]: ---------------------------------------------------------------
2021-05-09 21:32:25Z [Information]: Rapr started
2021-05-09 21:32:25Z [Information]: Driver Store wird überprüft...
2021-05-09 21:32:28Z [Information]: Bereit
2021-05-09 21:32:44Z [Information]: Shutting down - reason UserClosing
