--------------------------------------------------
11:23:36 - Application startup
11:23:38 - FastSizeGenerator: Everything search engine is not available - es.exe failed to connect to Everything
11:23:39 - [Performance] Running command C:\ProgramData\chocolatey\bin\choco.exe  took 472ms
11:23:40 - [Performance] Factory RegistryFactory took 1476ms to finish
11:23:40 - Cache hits: 0/156
11:23:40 - [Performance] Running command C:\ProgramData\chocolatey\bin\choco.exe list -l -nocolor -y -r took 1125ms
11:23:41 - [Performance] Running command C:\ProgramData\chocolatey\bin\choco.exe info -l -nocolor -y -v 7zip.install took 557ms
11:23:41 - [Performance] Factory DirectoryFactory took 760ms to finish
11:23:41 - [Performance] Running command C:\ProgramData\chocolatey\bin\choco.exe info -l -nocolor -y -v adobereader took 555ms
11:23:42 - [Performance] Running command C:\ProgramData\chocolatey\bin\choco.exe info -l -nocolor -y -v adwcleaner took 535ms
11:23:42 - [Performance] Running command C:\ProgramData\chocolatey\bin\choco.exe info -l -nocolor -y -v allway-sync took 550ms
11:23:43 - [Performance] Running command C:\ProgramData\chocolatey\bin\choco.exe info -l -nocolor -y -v amd-ryzen-chipset took 546ms
11:23:43 - [Performance] Running command C:\ProgramData\chocolatey\bin\choco.exe info -l -nocolor -y -v anydesk.install took 548ms
11:23:44 - [Performance] Running command C:\ProgramData\chocolatey\bin\choco.exe info -l -nocolor -y -v autohotkey.portable took 528ms
11:23:45 - [Performance] Running command C:\ProgramData\chocolatey\bin\choco.exe info -l -nocolor -y -v ccleaner took 544ms
11:23:45 - [Performance] Running command C:\ProgramData\chocolatey\bin\choco.exe info -l -nocolor -y -v checksum took 529ms
11:23:46 - [Performance] Running command C:\ProgramData\chocolatey\bin\choco.exe info -l -nocolor -y -v choco-upgrade-all-at took 530ms
11:23:46 - [Performance] Running command C:\ProgramData\chocolatey\bin\choco.exe info -l -nocolor -y -v chocolatey took 527ms
11:23:47 - [Performance] Running command C:\ProgramData\chocolatey\bin\choco.exe info -l -nocolor -y -v chocolatey-core.extension took 530ms
11:23:47 - [Performance] Running command C:\ProgramData\chocolatey\bin\choco.exe info -l -nocolor -y -v chocolatey-misc-helpers.extension took 532ms
11:23:48 - [Performance] Running command C:\ProgramData\chocolatey\bin\choco.exe info -l -nocolor -y -v chocolatey-windowsupdate.extension took 527ms
11:23:48 - [Performance] Running command C:\ProgramData\chocolatey\bin\choco.exe info -l -nocolor -y -v chocolateygui took 548ms
11:23:49 - [Performance] Running command C:\ProgramData\chocolatey\bin\choco.exe info -l -nocolor -y -v cpu-z took 527ms
11:23:49 - [Performance] Running command C:\ProgramData\chocolatey\bin\choco.exe info -l -nocolor -y -v cpu-z.install took 530ms
11:23:50 - [Performance] Running command C:\ProgramData\chocolatey\bin\choco.exe info -l -nocolor -y -v crystaldiskinfo took 528ms
11:23:50 - [Performance] Running command C:\ProgramData\chocolatey\bin\choco.exe info -l -nocolor -y -v crystaldiskinfo.portable took 531ms
11:23:51 - [Performance] Running command C:\ProgramData\chocolatey\bin\choco.exe info -l -nocolor -y -v crystaldiskmark took 541ms
11:23:52 - [Performance] Running command C:\ProgramData\chocolatey\bin\choco.exe info -l -nocolor -y -v desktopinfo took 530ms
11:23:52 - [Performance] Running command C:\ProgramData\chocolatey\bin\choco.exe info -l -nocolor -y -v discord took 526ms
11:23:53 - [Performance] Running command C:\ProgramData\chocolatey\bin\choco.exe info -l -nocolor -y -v discord.install took 528ms
BCUninstaller.exe Error: 0 : 11:23:53 - Unable to connect to any of the specified MySQL hosts.
11:23:53 - MySql.Data.MySqlClient.MySqlException (0x80004005): Unable to connect to any of the specified MySQL hosts.
   bei MySql.Data.MySqlClient.NativeDriver.Open()
   bei MySql.Data.MySqlClient.Driver.Open()
   bei MySql.Data.MySqlClient.Driver.Create(MySqlConnectionStringBuilder settings)
   bei MySql.Data.MySqlClient.MySqlPool.GetPooledConnection()
   bei MySql.Data.MySqlClient.MySqlPool.TryToGetDriver()
   bei MySql.Data.MySqlClient.MySqlPool.GetConnection()
   bei MySql.Data.MySqlClient.MySqlConnection.Open()
   bei BulkCrapUninstaller.Functions.Ratings.UninstallerRatingManager.FetchRatings()
   bei BulkCrapUninstaller.Functions.Ratings.RatingManagerWrapper.<InitializeRatings>b__7_0()
11:23:53 - [Performance] Running command C:\ProgramData\chocolatey\bin\choco.exe info -l -nocolor -y -v DotNet4.5 took 531ms
11:23:54 - [Performance] Running command C:\ProgramData\chocolatey\bin\choco.exe info -l -nocolor -y -v DotNet4.5.2 took 526ms
11:23:54 - [Performance] Running command C:\ProgramData\chocolatey\bin\choco.exe info -l -nocolor -y -v DotNet4.6.1 took 530ms
11:23:55 - [Performance] Running command C:\ProgramData\chocolatey\bin\choco.exe info -l -nocolor -y -v dotnetcore3-desktop-runtime took 544ms
11:23:55 - [Performance] Running command C:\ProgramData\chocolatey\bin\choco.exe info -l -nocolor -y -v driverbooster took 534ms
11:23:56 - [Performance] Running command C:\ProgramData\chocolatey\bin\choco.exe info -l -nocolor -y -v dropbox took 539ms
11:23:56 - [Performance] Running command C:\ProgramData\chocolatey\bin\choco.exe info -l -nocolor -y -v etcher took 548ms
11:23:57 - [Performance] Running command C:\ProgramData\chocolatey\bin\choco.exe info -l -nocolor -y -v filezilla took 541ms
11:23:57 - [Performance] Running command C:\ProgramData\chocolatey\bin\choco.exe info -l -nocolor -y -v git took 531ms
11:23:58 - [Performance] Running command C:\ProgramData\chocolatey\bin\choco.exe info -l -nocolor -y -v git.install took 546ms
11:23:59 - [Performance] Running command C:\ProgramData\chocolatey\bin\choco.exe info -l -nocolor -y -v github-desktop took 535ms
11:23:59 - [Performance] Running command C:\ProgramData\chocolatey\bin\choco.exe info -l -nocolor -y -v google-backup-and-sync took 542ms
11:24:00 - [Performance] Running command C:\ProgramData\chocolatey\bin\choco.exe info -l -nocolor -y -v GoogleChrome took 542ms
11:24:00 - [Performance] Running command C:\ProgramData\chocolatey\bin\choco.exe info -l -nocolor -y -v gpu-z took 530ms
11:24:01 - [Performance] Running command C:\ProgramData\chocolatey\bin\choco.exe info -l -nocolor -y -v gsudo took 528ms
11:24:01 - [Performance] Running command C:\ProgramData\chocolatey\bin\choco.exe info -l -nocolor -y -v hwinfo took 531ms
11:24:02 - [Performance] Running command C:\ProgramData\chocolatey\bin\choco.exe info -l -nocolor -y -v hwinfo.install took 544ms
11:24:02 - [Performance] Running command C:\ProgramData\chocolatey\bin\choco.exe info -l -nocolor -y -v irfanview took 546ms
11:24:03 - [Performance] Running command C:\ProgramData\chocolatey\bin\choco.exe info -l -nocolor -y -v jre8 took 543ms
11:24:04 - [Performance] Running command C:\ProgramData\chocolatey\bin\choco.exe info -l -nocolor -y -v k-litecodecpack-standard took 542ms
11:24:04 - [Performance] Running command C:\ProgramData\chocolatey\bin\choco.exe info -l -nocolor -y -v KB2919355 took 530ms
11:24:05 - [Performance] Running command C:\ProgramData\chocolatey\bin\choco.exe info -l -nocolor -y -v KB2919442 took 531ms
11:24:05 - [Performance] Running command C:\ProgramData\chocolatey\bin\choco.exe info -l -nocolor -y -v KB2999226 took 537ms
11:24:06 - [Performance] Running command C:\ProgramData\chocolatey\bin\choco.exe info -l -nocolor -y -v KB3033929 took 528ms
11:24:06 - [Performance] Running command C:\ProgramData\chocolatey\bin\choco.exe info -l -nocolor -y -v KB3035131 took 537ms
11:24:07 - [Performance] Running command C:\ProgramData\chocolatey\bin\choco.exe info -l -nocolor -y -v keepassxc took 544ms
11:24:07 - [Performance] Running command C:\ProgramData\chocolatey\bin\choco.exe info -l -nocolor -y -v lazarus took 548ms
11:24:08 - [Performance] Running command C:\ProgramData\chocolatey\bin\choco.exe info -l -nocolor -y -v logitechgaming took 542ms
11:24:08 - [Performance] Running command C:\ProgramData\chocolatey\bin\choco.exe info -l -nocolor -y -v microsoft-windows-terminal took 534ms
11:24:09 - [Performance] Running command C:\ProgramData\chocolatey\bin\choco.exe info -l -nocolor -y -v notepadplusplus.install took 541ms
11:24:10 - [Performance] Running command C:\ProgramData\chocolatey\bin\choco.exe info -l -nocolor -y -v office365proplus took 555ms
11:24:10 - [Performance] Running command C:\ProgramData\chocolatey\bin\choco.exe info -l -nocolor -y -v onedrive took 564ms
11:24:11 - [Performance] Running command C:\ProgramData\chocolatey\bin\choco.exe info -l -nocolor -y -v pdf24 took 566ms
11:24:11 - [Performance] Running command C:\ProgramData\chocolatey\bin\choco.exe info -l -nocolor -y -v PowerShell took 545ms
11:24:12 - [Performance] Running command C:\ProgramData\chocolatey\bin\choco.exe info -l -nocolor -y -v powertoys took 590ms
11:24:12 - [Performance] Running command C:\ProgramData\chocolatey\bin\choco.exe info -l -nocolor -y -v PSWindowsUpdate took 548ms
11:24:13 - [Performance] Running command C:\ProgramData\chocolatey\bin\choco.exe info -l -nocolor -y -v putty took 565ms
11:24:14 - [Performance] Running command C:\ProgramData\chocolatey\bin\choco.exe info -l -nocolor -y -v putty.install took 545ms
11:24:14 - [Performance] Running command C:\ProgramData\chocolatey\bin\choco.exe info -l -nocolor -y -v putty.portable took 533ms
11:24:15 - [Performance] Running command C:\ProgramData\chocolatey\bin\choco.exe info -l -nocolor -y -v shutup10 took 550ms
11:24:15 - [Performance] Running command C:\ProgramData\chocolatey\bin\choco.exe info -l -nocolor -y -v skype took 563ms
11:24:16 - [Performance] Running command C:\ProgramData\chocolatey\bin\choco.exe info -l -nocolor -y -v sonos-s1-controller took 577ms
11:24:16 - [Performance] Running command C:\ProgramData\chocolatey\bin\choco.exe info -l -nocolor -y -v spotify took 556ms
11:24:17 - [Performance] Running command C:\ProgramData\chocolatey\bin\choco.exe info -l -nocolor -y -v steam took 537ms
11:24:17 - [Performance] Running command C:\ProgramData\chocolatey\bin\choco.exe info -l -nocolor -y -v steam-client took 531ms
11:24:18 - [Performance] Running command C:\ProgramData\chocolatey\bin\choco.exe info -l -nocolor -y -v teamviewer took 546ms
11:24:19 - [Performance] Running command C:\ProgramData\chocolatey\bin\choco.exe info -l -nocolor -y -v treesizefree took 547ms
11:24:19 - [Performance] Running command C:\ProgramData\chocolatey\bin\choco.exe info -l -nocolor -y -v twitch took 534ms
11:24:20 - [Performance] Running command C:\ProgramData\chocolatey\bin\choco.exe info -l -nocolor -y -v vcredist140 took 541ms
11:24:20 - [Performance] Running command C:\ProgramData\chocolatey\bin\choco.exe info -l -nocolor -y -v vcredist2010 took 528ms
11:24:21 - [Performance] Running command C:\ProgramData\chocolatey\bin\choco.exe info -l -nocolor -y -v vcredist2013 took 531ms
11:24:21 - [Performance] Running command C:\ProgramData\chocolatey\bin\choco.exe info -l -nocolor -y -v vcredist2015 took 537ms
11:24:22 - [Performance] Running command C:\ProgramData\chocolatey\bin\choco.exe info -l -nocolor -y -v veracrypt took 557ms
11:24:22 - [Performance] Running command C:\ProgramData\chocolatey\bin\choco.exe info -l -nocolor -y -v vyprvpn took 542ms
11:24:23 - [Performance] Running command C:\ProgramData\chocolatey\bin\choco.exe info -l -nocolor -y -v wmiexplorer took 526ms
11:24:23 - [Performance] Factory Suche nach Chocolatey Paketen took 44435ms to finish
11:24:23 - [Performance] Running command \\DS418-BC\homes\daniel\Drive\1 Dokumente\20 Arbeit\02 IT-Service Remke\01_Organisation\07_Checklisten+Tools\Tools für Checkups\BCUninstaller_4.16_portable\OculusHelper.exe /query took 153ms
11:24:23 - [Performance] Factory Oculus Anwendungen took 250ms to finish
11:24:24 - [Performance] Running command \\DS418-BC\homes\daniel\Drive\1 Dokumente\20 Arbeit\02 IT-Service Remke\01_Organisation\07_Checklisten+Tools\Tools für Checkups\BCUninstaller_4.16_portable\SteamHelper.exe steam took 77ms
11:24:24 - [Performance] Factory Nach Anwendungsvorlagen suchen took 379ms to finish
11:24:24 - [Performance] Factory Searching for Scoop packages took 1ms to finish
11:24:24 - [Performance] Running command \\DS418-BC\homes\daniel\Drive\1 Dokumente\20 Arbeit\02 IT-Service Remk--------------------------------------------------
16:00:18 - Application startup
--------------------------------------------------
16:43:37 - Application startup
16:44:44 - FastSizeGenerator: Everything search engine is not available - es.exe failed to connect to Everything
16:44:47 - Failed to extract reg entry HKEY_LOCAL_MACHINE\SOFTWARE\Microsoft\Windows\CurrentVersion\Uninstall\Office14.PROPLUS - System.InvalidCastException: Die angegebene Umwandlung ist ungültig.
   bei UninstallTools.Factory.RegistryFactory.GetBasicInformation(RegistryKey uninstallerKey)
   bei UninstallTools.Factory.RegistryFactory.TryCreateFromRegistry(RegistryKey uninstallerKey, Boolean is64Bit)
   bei UninstallTools.Factory.RegistryFactory.<GetUninstallerEntries>g__WorkLogic|21_0(KeyValuePair`2 data, List`1 state)
16:44:51 - [Performance] Factory RegistryFactory took 5545ms to finish
16:44:51 - Cache hits: 192/194
16:44:51 - [Performance] Factory Suche nach Chocolatey Paketen took 35ms to finish
16:44:52 - [Performance] Running command E:\3_Checkup\BCUninstaller_4.16_portable\OculusHelper.exe /query took 570ms
16:44:52 - [Performance] Factory Oculus Anwendungen took 637ms to finish
16:44:52 - [Performance] Running command E:\3_Checkup\BCUninstaller_4.16_portable\SteamHelper.exe steam took 423ms
16:44:52 - [Performance] Factory Nach Anwendungsvorlagen suchen took 451ms to finish
16:44:52 - [Performance] Factory Searching for Scoop packages took 3ms to finish
16:44:56 - [Performance] Factory DirectoryFactory took 3402ms to finish
BCUninstaller.exe Error: 0 : 16:45:00 - Unable to connect to any of the specified MySQL hosts.
16:45:00 - MySql.Data.MySqlClient.MySqlException (0x80004005): Unable to connect to any of the specified MySQL hosts.
   bei MySql.Data.MySqlClient.NativeDriver.Open()
   bei MySql.Data.MySqlClient.Driver.Open()
   bei MySql.Data.MySqlClient.Driver.Create(MySqlConnectionStringBuilder settings)
   bei MySql.Data.MySqlClient.MySqlPool.GetPooledConnection()
   bei MySql.Data.MySqlClient.MySqlPool.TryToGetDriver()
   bei MySql.Data.MySqlClient.MySqlPool.GetConnection()
   bei MySql.Data.MySqlClient.MySqlConnection.Open()
   bei BulkCrapUninstaller.Functions.Ratings.UninstallerRatingManager.FetchRatings()
   bei BulkCrapUninstaller.Functions.Ratings.RatingManagerWrapper.<InitializeRatings>b__7_0()
16:45:04 - [Performance] Running command E:\3_Checkup\BCUninstaller_4.16_portable\ScriptHelper.exe  took 11875ms
16:45:04 - [Performance] Factory Nach Anwendungsvorlagen suchen took 11917ms to finish
16:45:04 - [Performance] Factory Suche nach Steam Anwendungen took 2ms to finish
16:45:40 - [Performance] Running command E:\3_Checkup\BCUninstaller_4.16_portable\StoreAppHelper.exe /query took 36043ms
16:45:41 - [Performance] Factory Suche nach Windows Store Anwendungen took 37463ms to finish
16:45:42 - Cache hits: 285/301
16:46:46 - Failed to extract reg entry HKEY_LOCAL_MACHINE\SOFTWARE\Microsoft\Windows\CurrentVersion\Uninstall\Office14.PROPLUS - System.InvalidCastException: Die angegebene Umwandlung ist ungültig.
   bei UninstallTools.Factory.RegistryFactory.GetBasicInformation(RegistryKey uninstallerKey)
   bei UninstallTools.Factory.RegistryFactory.TryCreateFromRegistry(RegistryKey uninstallerKey, Boolean is64Bit)
   bei UninstallTools.Factory.RegistryFactory.<GetUninstallerEntries>g__WorkLogic|21_0(KeyValuePair`2 data, List`1 state)
16:46:48 - [Performance] Factory Suche nach Chocolatey Paketen took 0ms to finish
16:46:48 - [Performance] Running command E:\3_Checkup\BCUninstaller_4.16_portable\OculusHelper.exe /query took 111ms
16:46:48 - [Performance] Factory Oculus Anwendungen took 115ms to finish
16:46:48 - [Performance] Running command E:\3_Checkup\BCUninstaller_4.16_portable\SteamHelper.exe steam took 144ms
16:46:48 - [Performance] Factory Nach Anwendungsvorlagen suchen took 148ms to finish
16:46:48 - [Performance] Factory Searching for Scoop packages took 0ms to finish
16:46:48 - [Performance] Factory RegistryFactory took 2718ms to finish
16:46:48 - Cache hits: 191/192
16:46:48 - [Performance] Factory DirectoryFactory took 113ms to finish
16:46:53 - [Performance] Running command E:\3_Checkup\BCUninstaller_4.16_portable\ScriptHelper.exe  took 4--------------------------------------------------
09:07:36 - Application startup
09:07:38 - FastSizeGenerator: Everything search engine is not available - es.exe failed to connect to Everything
09:07:39 - [Performance] Running command C:\ProgramData\chocolatey\bin\choco.exe  took 744ms
09:07:39 - [Performance] Factory RegistryFactory took 933ms to finish
09:07:39 - Cache hits: 115/154
09:07:40 - [Performance] Factory DirectoryFactory took 363ms to finish
09:07:42 - [Performance] Running command C:\ProgramData\chocolatey\bin\choco.exe list -l -nocolor -y -r took 2335ms
09:07:42 - [Performance] Running command C:\ProgramData\chocolatey\bin\choco.exe info -l -nocolor -y -v 7zip.install took 560ms
09:07:43 - [Performance] Running command C:\ProgramData\chocolatey\bin\choco.exe info -l -nocolor -y -v adobereader took 559ms
09:07:43 - [Performance] Running command C:\ProgramData\chocolatey\bin\choco.exe info -l -nocolor -y -v adwcleaner took 540ms
09:07:44 - [Performance] Running command C:\ProgramData\chocolatey\bin\choco.exe info -l -nocolor -y -v allway-sync took 562ms
09:07:44 - [Performance] Running command C:\ProgramData\chocolatey\bin\choco.exe info -l -nocolor -y -v amd-ryzen-chipset took 557ms
09:07:45 - [Performance] Running command C:\ProgramData\chocolatey\bin\choco.exe info -l -nocolor -y -v anydesk.install took 560ms
09:07:46 - [Performance] Running command C:\ProgramData\chocolatey\bin\choco.exe info -l -nocolor -y -v autohotkey.portable took 537ms
09:07:46 - [Performance] Running command C:\ProgramData\chocolatey\bin\choco.exe info -l -nocolor -y -v ccleaner took 556ms
09:07:47 - [Performance] Running command C:\ProgramData\chocolatey\bin\choco.exe info -l -nocolor -y -v checksum took 539ms
09:07:47 - [Performance] Running command C:\ProgramData\chocolatey\bin\choco.exe info -l -nocolor -y -v choco-upgrade-all-at took 543ms
09:07:48 - [Performance] Running command C:\ProgramData\chocolatey\bin\choco.exe info -l -nocolor -y -v chocolatey took 535ms
09:07:48 - [Performance] Running command C:\ProgramData\chocolatey\bin\choco.exe info -l -nocolor -y -v chocolatey-core.extension took 542ms
09:07:49 - [Performance] Running command C:\ProgramData\chocolatey\bin\choco.exe info -l -nocolor -y -v chocolatey-misc-helpers.extension took 544ms
09:07:49 - [Performance] Running command C:\ProgramData\chocolatey\bin\choco.exe info -l -nocolor -y -v chocolatey-windowsupdate.extension took 548ms
09:07:50 - [Performance] Running command C:\ProgramData\chocolatey\bin\choco.exe info -l -nocolor -y -v chocolateygui took 561ms
09:07:51 - [Performance] Running command C:\ProgramData\chocolatey\bin\choco.exe info -l -nocolor -y -v crystaldiskinfo took 536ms
09:07:51 - [Performance] Running command C:\ProgramData\chocolatey\bin\choco.exe info -l -nocolor -y -v crystaldiskinfo.portable took 546ms
09:07:52 - [Performance] Running command C:\ProgramData\chocolatey\bin\choco.exe info -l -nocolor -y -v crystaldiskmark took 554ms
09:07:52 - [Performance] Running command C:\ProgramData\chocolatey\bin\choco.exe info -l -nocolor -y -v desktopinfo took 542ms
09:07:53 - [Performance] Running command C:\ProgramData\chocolatey\bin\choco.exe info -l -nocolor -y -v discord took 539ms
BCUninstaller.exe Error: 0 : 09:07:53 - Unable to connect to any of the specified MySQL hosts.
09:07:53 - MySql.Data.MySqlClient.MySqlException (0x80004005): Unable to connect to any of the specified MySQL hosts.
   bei MySql.Data.MySqlClient.NativeDriver.Open()
   bei MySql.Data.MySqlClient.Driver.Open()
   bei MySql.Data.MySqlClient.Driver.Create(MySqlConnectionStringBuilder settings)
   bei MySql.Data.MySqlClient.MySqlPool.GetPooledConnection()
   bei MySql.Data.MySqlClient.MySqlPool.TryToGetDriver()
   bei MySql.Data.MySqlClient.MySqlPool.GetConnection()
   bei MySql.Data.MySqlClient.MySqlConnection.Open()
   bei BulkCrapUninstaller.Functions.Ratings.UninstallerRatingManager.FetchRatings()
   bei BulkCrapUninstaller.Functions.Ratings.RatingManagerWrapper.<InitializeRatings>b__7_0()
09:07:53 - [Performance] Running command C:\ProgramData\chocolatey\bin\choco.exe info -l -nocolor -y -v discord.install took 544ms
09:07:54 - [Performance] Running command C:\ProgramData\chocolatey\bin\choco.exe info -l -nocolor -y -v DotNet4.5 took 541ms
09:07:54 - [Performance] Running command C:\ProgramData\chocolatey\bin\choco.exe info -l -nocolor -y -v DotNet4.5.2 took 539ms
09:07:55 - [Performance] Running command C:\ProgramData\chocolatey\bin\choco.exe info -l -nocolor -y -v DotNet4.6.1 took 538ms
09:07:56 - [Performance] Running command C:\ProgramData\chocolatey\bin\choco.exe info -l -nocolor -y -v dotnetcore3-desktop-runtime took 541ms
09:07:56 - [Performance] Running command C:\ProgramData\chocolatey\bin\choco.exe info -l -nocolor -y -v dropbox took 540ms
09:07:57 - [Performance] Running command C:\ProgramData\chocolatey\bin\choco.exe info -l -nocolor -y -v etcher took 553ms
09:07:57 - [Performance] Running command C:\ProgramData\chocolatey\bin\choco.exe info -l -nocolor -y -v filezilla took 553ms
09:07:58 - [Performance] Running command C:\ProgramData\chocolatey\bin\choco.exe info -l -nocolor -y -v github-desktop took 539ms
09:07:58 - [Performance] Running command C:\ProgramData\chocolatey\bin\choco.exe info -l -nocolor -y -v google-backup-and-sync took 550ms
09:07:59 - [Performance] Running command C:\ProgramData\chocolatey\bin\choco.exe info -l -nocolor -y -v GoogleChrome took 543ms
09:07:59 - [Performance] Running command C:\ProgramData\chocolatey\bin\choco.exe info -l -nocolor -y -v gsudo took 539ms
09:08:00 - [Performance] Running command C:\ProgramData\chocolatey\bin\choco.exe info -l -nocolor -y -v hwinfo took 540ms
09:08:00 - [Performance] Running command C:\ProgramData\chocolatey\bin\choco.exe info -l -nocolor -y -v hwinfo.install took 552ms
09:08:01 - [Performance] Running command C:\ProgramData\chocolatey\bin\choco.exe info -l -nocolor -y -v irfanview took 552ms
09:08:02 - [Performance] Running command C:\ProgramData\chocolatey\bin\choco.exe info -l -nocolor -y -v jre8 took 551ms
09:08:02 - [Performance] Running command C:\ProgramData\chocolatey\bin\choco.exe info -l -nocolor -y -v k-litecodecpack-standard took 553ms
09:08:03 - [Performance] Running command C:\ProgramData\chocolatey\bin\choco.exe info -l -nocolor -y -v KB2919355 took 538ms
09:08:03 - [Performance] Running command C:\ProgramData\chocolatey\bin\choco.exe info -l -nocolor -y -v KB2919442 took 537ms
09:08:04 - [Performance] Running command C:\ProgramData\chocolatey\bin\choco.exe info -l -nocolor -y -v KB2999226 took 540ms
09:08:04 - [Performance] Running command C:\ProgramData\chocolatey\bin\choco.exe info -l -nocolor -y -v KB3033929 took 536ms
09:08:05 - [Performance] Running command C:\ProgramData\chocolatey\bin\choco.exe info -l -nocolor -y -v KB3035131 took 540ms
09:08:05 - [Performance] Running command C:\ProgramData\chocolatey\bin\choco.exe info -l -nocolor -y -v keepassxc took 557ms
09:08:06 - [Performance] Running command C:\ProgramData\chocolatey\bin\choco.exe info -l -nocolor -y -v lazarus took 552ms
09:08:07 - [Performance] Running command C:\ProgramData\chocolatey\bin\choco.exe info -l -nocolor -y -v logitechgaming took 549ms
09:08:07 - [Performance] Running command C:\ProgramData\chocolatey\bin\choco.exe info -l -nocolor -y -v microsoft-windows-terminal took 542ms
09:08:08 - [Performance] Running command C:\ProgramData\chocolatey\bin\choco.exe info -l -nocolor -y -v notepadplusplus.install took 552ms
09:08:08 - [Performance] Running command C:\ProgramData\chocolatey\bin\choco.exe info -l -nocolor -y -v office365proplus took 552ms
09:08:09 - [Performance] Running command C:\ProgramData\chocolatey\bin\choco.exe info -l -nocolor -y -v onedrive took 554ms
09:08:09 - [Performance] Running command C:\ProgramData\chocolatey\bin\choco.exe info -l -nocolor -y -v pdf24 took 557ms
09:08:10 - [Performance] Running command C:\ProgramData\chocolatey\bin\choco.exe info -l -nocolor -y -v PowerShell took 538ms
09:08:10 - [Performance] Running command C:\ProgramData\chocolatey\bin\choco.exe info -l -nocolor -y -v powertoys took 551ms
09:08:11 - [Performance] Running command C:\ProgramData\chocolatey\bin\choco.exe info -l -nocolor -y -v PSWindowsUpdate took 539ms
09:08:12 - [Performance] Running command C:\ProgramData\chocolatey\bin\choco.exe info -l -nocolor -y -v putty took 538ms
09:08:12 - [Performance] Running command C:\ProgramData\chocolatey\bin\choco.exe info -l -nocolor -y -v putty.install took 555ms
09:08:13 - [Performance] Running command C:\ProgramData\chocolatey\bin\choco.exe info -l -nocolor -y -v putty.portable took 537ms
09:08:13 - [Performance] Running command C:\ProgramData\chocolatey\bin\choco.exe info -l -nocolor -y -v qdir took 549ms
09:08:14 - [Performance] Running command C:\ProgramData\chocolatey\bin\choco.exe info -l -nocolor -y -v shutup10 took 536ms
09:08:14 - [Performance] Running command C:\ProgramData\chocolatey\bin\choco.exe info -l -nocolor -y -v skype took 553ms
09:08:15 - [Performance] Running command C:\ProgramData\chocolatey\bin\choco.exe info -l -nocolor -y -v sonos-s1-controller took 554ms
09:08:15 - [Performance] Running command C:\ProgramData\chocolatey\bin\choco.exe info -l -nocolor -y -v spotify took 550ms
09:08:16 - [Performance] Running command C:\ProgramData\chocolatey\bin\choco.exe info -l -nocolor -y -v steam took 541ms
09:08:17 - [Performance] Running command C:\ProgramData\chocolatey\bin\choco.exe info -l -nocolor -y -v steam-client took 535ms
09:08:17 - [Performance] Running command C:\ProgramData\chocolatey\bin\choco.exe info -l -nocolor -y -v teamviewer took 543ms
09:08:18 - [Performance] Running command C:\ProgramData\chocolatey\bin\choco.exe info -l -nocolor -y -v treesizefree took 552ms
09:08:18 - [Performance] Running command C:\ProgramData\chocolatey\bin\choco.exe info -l -nocolor -y -v twitch took 538ms
09:08:19 - [Performance] Running command C:\ProgramData\chocolatey\bin\choco.exe info -l -nocolor -y -v vcredist140 took 552ms
09:08:19 - [Performance] Running command C:\ProgramData\chocolatey\bin\choco.exe info -l -nocolor -y -v vcredist2010 took 544ms
09:08:20 - [Performance] Running command C:\ProgramData\chocolatey\bin\choco.exe info -l -nocolor -y -v vcredist2013 took 541ms
09:08:20 - [Performance] Running command C:\ProgramData\chocolatey\bin\choco.exe info -l -nocolor -y -v vcredist2015 took 536ms
09:08:21 - [Performance] Running command C:\ProgramData\chocolatey\bin\choco.exe info -l -nocolor -y -v veracrypt took 553ms
09:08:22 - [Performance] Running command C:\ProgramData\chocolatey\bin\choco.exe info -l -nocolor -y -v vyprvpn took 553ms
09:08:22 - [Performance] Running command C:\ProgramData\chocolatey\bin\choco.exe info -l -nocolor -y -v wmiexplorer took 540ms
09:08:22 - [Performance] Factory Suche nach Chocolatey Paketen took 43593ms to finish
09:08:22 - [Performance] Running command \\DS418-BC\Remke IT-Service\21_Tools und Skripte Vorlage\20_Checkup-Skript\software\BCUninstaller\OculusHelper.exe /query took 137ms
09:08:22 - [Performance] Factory Oculus Anwendungen took 242ms to finish
09:08:23 - [Performance] Running command \\DS418-BC\Remke IT-Service\21_Tools und Skripte Vorlage\20_Checkup-Skript\software\BCUninstaller\SteamHelper.exe steam took 66ms
09:08:23 - [Performance] Factory Nach Anwendungsvorlagen suchen took 405ms to finish
09:08:23 - [Performance] Factory Searching for Scoop packages took 1ms to finish
09:08:23 - [Performance] Running command \\DS418-BC\Remke IT-Service\21_Tools und Skripte Vorlage\20_Checkup-Skript\software\BCUninstaller\ScriptHelper.exe  took 629ms
09:08:23 - [Performance] Factory Nach Anwendungsvorlagen suchen took 737ms to finish
09:08:24 - [Performance] Running command \\DS418-BC\Remke IT-Service\21_Tools und Skripte Vorlage\20_Checkup-Skript\software\BCUninstaller\SteamHelper.exe list took 73ms
09:08:24 - [Performance] Running command \\DS418-BC\Remke IT-Service\21_Tools und Skripte Vorlage\20_Checkup-Skript\software\BCUninstaller\SteamHelper.exe info 228980 took 73ms
09:08:25 - [Performance] Running command \\DS418-BC\Remke IT-Service\21_Tools und Skripte Vorlage\20_Checkup-Skript\software\BCUninstaller\SteamHelper.exe info 242760 took 75ms
09:08:25 - [Performance] Running command \\DS418-BC\Remke IT-Service\21_Tools und Skripte Vorlage\20_Checkup-Skript\software\BCUninstaller\SteamHelper.exe info 312660 took 75ms
09:08:25 - [Performance] Running command \\DS418-BC\Remke IT-Service\21_Tools und Skripte Vorlage\20_Checkup-Skript\software\BCUninstaller\SteamHelper.exe info 427520 took 73ms
09:08:26 - [Performance] Running command \\DS418-BC\Remke IT-Service\21_Tools und Skripte Vorlage\20_Checkup-Skript\software\BCUninstaller\SteamHelper.exe info 477160 took 76ms
09:08:26 - [Performance] Running command \\DS418-BC\Remke IT-Service\21_Tools und Skripte Vorlage\20_Checkup-Skript\software\BCUninstaller\SteamHelper.exe info 945360 took 71ms
09:08:26 - [Performance] Running command \\DS418-BC\Remke IT-Service\21_Tools und Skripte Vorlage\20_Checkup-Skript\software\BCUninstaller\SteamHelper.exe info 1174180 took 72ms
09:08:26 - [Performance] Factory Suche nach Steam Anwendungen took 2846ms to finish
09:08:27 - [Performance] Running command \\DS418-BC\Remke IT-Service\21_Tools und Skripte Vorlage\20_Checkup-Skript\software\BCUninstaller\StoreAppHelper.exe /query took 956ms
09:08:28 - [Performance] Factory Suche nach Windows Store Anwendungen took 1337ms to finish
09:08:28 - Cache hits: 254/296
--------------------------------------------------
09:09:14 - Application startup
09:09:15 - FastSizeGenerator: Everything search engine is not available - es.exe failed to connect to Everything
09:09:15 - [Performance] Running command C:\ProgramData\chocolatey\bin\choco.exe  took 385ms
09:09:16 - [Performance] Factory RegistryFactory took 912ms to finish
09:09:16 - Cache hits: 142/154
09:09:16 - [Performance] Running command C:\ProgramData\chocolatey\bin\choco.exe list -l -nocolor -y -r took 622ms
09:09:16 - [Performance] Factory DirectoryFactory took 248ms to finish
09:09:17 - [Performance] Running command C:\ProgramData\chocolatey\bin\choco.exe info -l -nocolor -y -v 7zip.install took 559ms
09:09:17 - [Performance] Running command C:\ProgramData\chocolatey\bin\choco.exe info -l -nocolor -y -v adobereader took 554ms
09:09:18 - [Performance] Running command C:\ProgramData\chocolatey\bin\choco.exe info -l -nocolor -y -v adwcleaner took 544ms
09:09:18 - [Performance] Running command C:\ProgramData\chocolatey\bin\choco.exe info -l -nocolor -y -v allway-sync took 553ms
09:09:19 - [Performance] Running command C:\ProgramData\chocolatey\bin\choco.exe info -l -nocolor -y -v amd-ryzen-chipset took 554ms
09:09:19 - [Performance] Running command C:\ProgramData\chocolatey\bin\choco.exe info -l -nocolor -y -v anydesk.install took 551ms
09:09:20 - [Performance] Running command C:\ProgramData\chocolatey\bin\choco.exe info -l -nocolor -y -v autohotkey.portable took 539ms
09:09:21 - [Performance] Running command C:\ProgramData\chocolatey\bin\choco.exe info -l -nocolor -y -v ccleaner took 553ms
09:09:21 - [Performance] Running command C:\ProgramData\chocolatey\bin\choco.exe info -l -nocolor -y -v checksum took 538ms
09:09:22 - [Performance] Running command C:\ProgramData\chocolatey\bin\choco.exe info -l -nocolor -y -v choco-upgrade-all-at took 539ms
09:09:22 - [Performance] Running command C:\ProgramData\chocolatey\bin\choco.exe info -l -nocolor -y -v chocolatey took 528ms
09:09:23 - [Performance] Running command C:\ProgramData\chocolatey\bin\choco.exe info -l -nocolor -y -v chocolatey-core.extension took 538ms
09:09:23 - [Performance] Running command C:\ProgramData\chocolatey\bin\choco.exe info -l -nocolor -y -v chocolatey-misc-helpers.extension took 537ms
09:09:24 - [Performance] Running command C:\ProgramData\chocolatey\bin\choco.exe info -l -nocolor -y -v chocolatey-windowsupdate.extension took 540ms
09:09:24 - [Performance] Running command C:\ProgramData\chocolatey\bin\choco.exe info -l -nocolor -y -v chocolateygui took 551ms
09:09:25 - [Performance] Running command C:\ProgramData\chocolatey\bin\choco.exe info -l -nocolor -y -v crystaldiskinfo took 540ms
09:09:25 - [Performance] Running command C:\ProgramData\chocolatey\bin\choco.exe info -l -nocolor -y -v crystaldiskinfo.portable took 554ms
09:09:26 - [Performance] Running command C:\ProgramData\chocolatey\bin\choco.exe info -l -nocolor -y -v crystaldiskmark took 555ms
09:09:27 - [Performance] Running command C:\ProgramData\chocolatey\bin\choco.exe info -l -nocolor -y -v desktopinfo took 539ms
09:09:27 - [Performance] Running command C:\ProgramData\chocolatey\bin\choco.exe info -l -nocolor -y -v discord took 538ms
09:09:28 - [Performance] Running command C:\ProgramData\chocolatey\bin\choco.exe info -l -nocolor -y -v discord.install took 547ms
09:09:28 - [Performance] Running command C:\ProgramData\chocolatey\bin\choco.exe info -l -nocolor -y -v DotNet4.5 took 546ms
09:09:29 - [Performance] Running command C:\ProgramData\chocolatey\bin\choco.exe info -l -nocolor -y -v DotNet4.5.2 took 560ms
09:09:29 - [Performance] Running command C:\ProgramData\chocolatey\bin\choco.exe info -l -nocolor -y -v DotNet4.6.1 took 552ms
BCUninstaller.exe Error: 0 : 09:09:30 - Unable to connect to any of the specified MySQL hosts.
09:09:30 - MySql.Data.MySqlClient.MySqlException (0x80004005): Unable to connect to any of the specified MySQL hosts.
   bei MySql.Data.MySqlClient.NativeDriver.Open()
   bei MySql.Data.MySqlClient.Driver.Open()
   bei MySql.Data.MySqlClient.Driver.Create(MySqlConnectionStringBuilder settings)
   bei MySql.Data.MySqlClient.MySqlPool.GetPooledConnection()
   bei MySql.Data.MySqlClient.MySqlPool.TryToGetDriver()
   bei MySql.Data.MySqlClient.MySqlPool.GetConnection()
   bei MySql.Data.MySqlClient.MySqlConnection.Open()
   bei BulkCrapUninstaller.Functions.Ratings.UninstallerRatingManager.FetchRatings()
   bei BulkCrapUninstaller.Functions.Ratings.RatingManagerWrapper.<InitializeRatings>b__7_0()
09:09:30 - [Performance] Running command C:\ProgramData\chocolatey\bin\choco.exe info -l -nocolor -y -v dotnetcore3-desktop-runtime took 558ms
09:09:30 - [Performance] Running command C:\ProgramData\chocolatey\bin\choco.exe info -l -nocolor -y -v dropbox took 543ms
09:09:31 - [Performance] Running command C:\ProgramData\chocolatey\bin\choco.exe info -l -nocolor -y -v etcher took 563ms
09:09:32 - [Performance] Running command C:\ProgramData\chocolatey\bin\choco.exe info -l -nocolor -y -v filezilla took 546ms
09:09:32 - [Performance] Running command C:\ProgramData\chocolatey\bin\choco.exe info -l -nocolor -y -v github-desktop took 543ms
09:09:33 - [Performance] Running command C:\ProgramData\chocolatey\bin\choco.exe info -l -nocolor -y -v google-backup-and-sync took 546ms
09:09:33 - [Performance] Running command C:\ProgramData\chocolatey\bin\choco.exe info -l -nocolor -y -v GoogleChrome took 536ms
09:09:34 - [Performance] Running command C:\ProgramData\chocolatey\bin\choco.exe info -l -nocolor -y -v gsudo took 535ms
09:09:34 - [Performance] Running command C:\ProgramData\chocolatey\bin\choco.exe info -l -nocolor -y -v hwinfo took 544ms
09:09:35 - [Performance] Running command C:\ProgramData\chocolatey\bin\choco.exe info -l -nocolor -y -v hwinfo.install took 559ms
09:09:35 - [Performance] Running command C:\ProgramData\chocolatey\bin\choco.exe info -l -nocolor -y -v irfanview took 555ms
09:09:36 - [Performance] Running command C:\ProgramData\chocolatey\bin\choco.exe info -l -nocolor -y -v jre8 took 548ms
09:09:37 - [Performance] Running command C:\ProgramData\chocolatey\bin\choco.exe info -l -nocolor -y -v k-litecodecpack-standard took 547ms
09:09:37 - [Performance] Running command C:\ProgramData\chocolatey\bin\choco.exe info -l -nocolor -y -v KB2919355 took 542ms
09:09:38 - [Performance] Running command C:\ProgramData\chocolatey\bin\choco.exe info -l -nocolor -y -v KB2919442 took 532ms
09:09:38 - [Performance] Running command C:\ProgramData\chocolatey\bin\choco.exe info -l -nocolor -y -v KB2999226 took 534ms
09:09:39 - [Performance] Running command C:\ProgramData\chocolatey\bin\choco.exe info -l -nocolor -y -v KB3033929 took 530ms
09:09:39 - [Performance] Running command C:\ProgramData\chocolatey\bin\choco.exe info -l -nocolor -y -v KB3035131 took 541ms
09:09:40 - [Performance] Running command C:\ProgramData\chocolatey\bin\choco.exe info -l -nocolor -y -v keepassxc took 546ms
09:09:40 - [Performance] Running command C:\ProgramData\chocolatey\bin\choco.exe info -l -nocolor -y -v lazarus took 550ms
09:09:41 - [Performance] Running command C:\ProgramData\chocolatey\bin\choco.exe info -l -nocolor -y -v logitechgaming took 544ms
09:09:42 - [Performance] Running command C:\ProgramData\chocolatey\bin\choco.exe info -l -nocolor -y -v microsoft-windows-terminal took 534ms
09:09:42 - [Performance] Running command C:\ProgramData\chocolatey\bin\choco.exe info -l -nocolor -y -v notepadplusplus.install took 547ms
09:09:43 - [Performance] Running command C:\ProgramData\chocolatey\bin\choco.exe info -l -nocolor -y -v office365proplus took 547ms
09:09:43 - [Performance] Running command C:\ProgramData\chocolatey\bin\choco.exe info -l -nocolor -y -v onedrive took 545ms
09:09:44 - [Performance] Running command C:\ProgramData\chocolatey\bin\choco.exe info -l -nocolor -y -v pdf24 took 544ms
09:09:44 - [Performance] Running command C:\ProgramData\chocolatey\bin\choco.exe info -l -nocolor -y -v PowerShell took 533ms
09:09:45 - [Performance] Running command C:\ProgramData\chocolatey\bin\choco.exe info -l -nocolor -y -v powertoys took 546ms
09:09:45 - [Performance] Running command C:\ProgramData\chocolatey\bin\choco.exe info -l -nocolor -y -v PSWindowsUpdate took 537ms
09:09:46 - [Performance] Running command C:\ProgramData\chocolatey\bin\choco.exe info -l -nocolor -y -v putty took 535ms
09:09:46 - [Performance] Running command C:\ProgramData\chocolatey\bin\choco.exe info -l -nocolor -y -v putty.install took 548ms
09:09:47 - [Performance] Running command C:\ProgramData\chocolatey\bin\choco.exe info -l -nocolor -y -v putty.portable took 537ms
09:09:48 - [Performance] Running command C:\ProgramData\chocolatey\bin\choco.exe info -l -nocolor -y -v qdir took 546ms
09:09:48 - [Performance] Running command C:\ProgramData\chocolatey\bin\choco.exe info -l -nocolor -y -v shutup10 took 535ms
09:09:49 - [Performance] Running command C:\ProgramData\chocolatey\bin\choco.exe info -l -nocolor -y -v skype took 551ms
09:09:49 - [Performance] Running command C:\ProgramData\chocolatey\bin\choco.exe info -l -nocolor -y -v sonos-s1-controller took 549ms
09:09:50 - [Performance] Running command C:\ProgramData\chocolatey\bin\choco.exe info -l -nocolor -y -v spotify took 552ms
09:09:50 - [Performance] Running command C:\ProgramData\chocolatey\bin\choco.exe info -l -nocolor -y -v steam took 533ms
09:09:51 - [Performance] Running command C:\ProgramData\chocolatey\bin\choco.exe info -l -nocolor -y -v steam-client took 536ms
09:09:51 - [Performance] Running command C:\ProgramData\chocolatey\bin\choco.exe info -l -nocolor -y -v teamviewer took 536ms
09:09:52 - [Performance] Running command C:\ProgramData\chocolatey\bin\choco.exe info -l -nocolor -y -v treesizefree took 546ms
09:09:53 - [Performance] Running command C:\ProgramData\chocolatey\bin\choco.exe info -l -nocolor -y -v twitch took 531ms
09:09:53 - [Performance] Running command C:\ProgramData\chocolatey\bin\choco.exe info -l -nocolor -y -v vcredist140 took 548ms
09:09:54 - [Performance] Running command C:\ProgramData\chocolatey\bin\choco.exe info -l -nocolor -y -v vcredist2010 took 532ms
09:09:54 - [Performance] Running command C:\ProgramData\chocolatey\bin\choco.exe info -l -nocolor -y -v vcredist2013 took 532ms
09:09:55 - [Performance] Running command C:\ProgramData\chocolatey\bin\choco.exe info -l -nocolor -y -v vcredist2015 took 531ms
09:09:55 - [Performance] Running command C:\ProgramData\chocolatey\bin\choco.exe info -l -nocolor -y -v veracrypt took 547ms
09:09:56 - [Performance] Running command C:\ProgramData\chocolatey\bin\choco.exe info -l -nocolor -y -v vyprvpn took 546ms
09:09:56 - [Performance] Running command C:\ProgramData\chocolatey\bin\choco.exe info -l -nocolor -y -v wmiexplorer took 530ms
09:09:56 - [Performance] Factory Suche nach Chocolatey Paketen took 41333ms to finish
09:09:56 - [Performance] Running command \\DS418-BC\Remke IT-Service\21_Tools und Skripte Vorlage\20_Checkup-Skript\software\BCUninstaller\OculusHelper.exe /query took 97ms
09:09:56 - [Performance] Factory Oculus Anwendungen took 163ms to finish
09:09:57 - [Performance] Running command \\DS418-BC\Remke IT-Service\21_Tools und Skripte Vorlage\20_Checkup-Skript\software\BCUninstaller\SteamHelper.exe steam took 67ms
09:09:57 - [Performance] Factory Nach Anwendungsvorlagen suchen took 355ms to finish
09:09:57 - [Performance] Factory Searching for Scoop packages took 1ms to finish
09:09:58 - [Performance] Running command \\DS418-BC\Remke IT-Service\21_Tools und Skripte Vorlage\20_Checkup-Skript\software\BCUninstaller\ScriptHelper.exe  took 670ms
09:09:58 - [Performance] Factory Nach Anwendungsvorlagen suchen took 735ms to finish
09:09:58 - [Performance] Running command \\DS418-BC\Remke IT-Service\21_Tools und Skripte Vorlage\20_Checkup-Skript\software\BCUninstaller\SteamHelper.exe list took 72ms
09:09:58 - [Performance] Running command \\DS418-BC\Remke IT-Service\21_Tools und Skripte Vorlage\20_Checkup-Skript\software\BCUninstaller\SteamHelper.exe info 228980 took 70ms
09:09:59 - [Performance] Running command \\DS418-BC\Remke IT-Service\21_Tools und Skripte Vorlage\20_Checkup-Skript\software\BCUninstaller\SteamHelper.exe info 242760 took 70ms
09:09:59 - [Performance] Running command \\DS418-BC\Remke IT-Service\21_Tools und Skripte Vorlage\20_Checkup-Skript\software\BCUninstaller\SteamHelper.exe info 312660 took 69ms
09:09:59 - [Performance] Running command \\DS418-BC\Remke IT-Service\21_Tools und Skripte Vorlage\20_Checkup-Skript\software\BCUninstaller\SteamHelper.exe info 427520 took 69ms
09:10:00 - [Performance] Running command \\DS418-BC\Remke IT-Service\21_Tools und Skripte Vorlage\20_Checkup-Skript\software\BCUninstaller\SteamHelper.exe info 477160 took 72ms
09:10:00 - [Performance] Running command \\DS418-BC\Remke IT-Service\21_Tools und Skripte Vorlage\20_Checkup-Skript\software\BCUninstaller\SteamHelper.exe info 945360 took 69ms
09:10:00 - [Performance] Running command \\DS418-BC\Remke IT-Service\21_Tools und Skripte Vorlage\20_Checkup-Skript\software\BCUninstaller\SteamHelper.exe info 1174180 took 69ms
09:10:00 - [Performance] Factory Suche nach Steam Anwendungen took 2735ms to finish
09:10:01 - [Performance] Running command \\DS418-BC\Remke IT-Service\21_Tools und Skripte Vorlage\20_Checkup-Skript\software\BCUninstaller\StoreAppHelper.exe /query took 635ms
09:10:01 - [Performance] Factory Suche nach Windows Store Anwendungen took 889ms to finish
09:10:02 - Cache hits: 296/296
