11:24:30 - System.Xml.XmlException: 'desktop6' ist ein nicht deklariertes Präfix. Zeile 5, Position 6.
   bei System.Xml.XmlTextReaderImpl.Throw(Exception e)
   bei System.Xml.XmlTextReaderImpl.LookupNamespace(NodeData node)
   bei System.Xml.XmlTextReaderImpl.ElementNamespaceLookup()
   bei System.Xml.XmlTextReaderImpl.ParseElement()
   bei System.Xml.XmlTextReaderImpl.ParseElementContent()
   bei System.Xml.Linq.XContainer.ReadContentFrom(XmlReader r)
   bei System.Xml.Linq.XContainer.ReadContentFrom(XmlReader r, LoadOptions o)
   bei System.Xml.Linq.XElement.ReadElementFrom(XmlReader r, LoadOptions o)
   bei System.Xml.Linq.XElement.Load(XmlReader reader, LoadOptions options)
   bei System.Xml.Linq.XElement.Parse(String text, LoadOptions options)
   bei StoreAppHelper.AppManager.TryCreateAppFromPackage(Package package)
11:24:30 - System.Xml.XmlException: 'uap10' ist ein nicht deklariertes Präfix. Zeile 6, Position 6.
   bei System.Xml.XmlTextReaderImpl.Throw(Exception e)
   bei System.Xml.XmlTextReaderImpl.LookupNamespace(NodeData node)
   bei System.Xml.XmlTextReaderImpl.ElementNamespaceLookup()
   bei System.Xml.XmlTextReaderImpl.ParseElement()
   bei System.Xml.XmlTextReaderImpl.ParseElementContent()
   bei System.Xml.Linq.XContainer.ReadContentFrom(XmlReader r)
   bei System.Xml.Linq.XContainer.ReadContentFrom(XmlReader r, LoadOptions o)
   bei System.Xml.Linq.XElement.ReadElementFrom(XmlReader r, LoadOptions o)
   bei System.Xml.Linq.XElement.Load(XmlReader reader, LoadOptions options)
   bei System.Xml.Linq.XElement.Parse(String text, LoadOptions options)
   bei StoreAppHelper.AppManager.TryCreateAppFromPackage(Package package)
16:01:08 - System.IO.FileNotFoundException: Das System kann die angegebene Datei nicht finden. (Ausnahme von HRESULT: 0x80070002)
   bei Windows.ApplicationModel.Package.get_InstalledLocation()
   bei StoreAppHelper.AppManager.TryGetAppManifest(Package package)
16:01:13 - System.Xml.XmlException: 'desktop6' ist ein nicht deklariertes Präfix. Zeile 5, Position 6.
   bei System.Xml.XmlTextReaderImpl.Throw(Exception e)
   bei System.Xml.XmlTextReaderImpl.LookupNamespace(NodeData node)
   bei System.Xml.XmlTextReaderImpl.ElementNamespaceLookup()
   bei System.Xml.XmlTextReaderImpl.ParseElement()
   bei System.Xml.XmlTextReaderImpl.ParseElementContent()
   bei System.Xml.Linq.XContainer.ReadContentFrom(XmlReader r)
   bei System.Xml.Linq.XContainer.ReadContentFrom(XmlReader r, LoadOptions o)
   bei System.Xml.Linq.XElement.ReadElementFrom(XmlReader r, LoadOptions o)
   bei System.Xml.Linq.XElement.Load(XmlReader reader, LoadOptions options)
   bei System.Xml.Linq.XElement.Parse(String text, LoadOptions options)
   bei StoreAppHelper.AppManager.TryCreateAppFromPackage(Package package)
16:01:14 - System.Xml.XmlException: 'uap10' ist ein nicht deklariertes Präfix. Zeile 6, Position 6.
   bei System.Xml.XmlTextReaderImpl.Throw(Exception e)
   bei System.Xml.XmlTextReaderImpl.LookupNamespace(NodeData node)
   bei System.Xml.XmlTextReaderImpl.ElementNamespaceLookup()
   bei System.Xml.XmlTextReaderImpl.ParseElement()
   bei System.Xml.XmlTextReaderImpl.ParseElementContent()
   bei System.Xml.Linq.XContainer.ReadContentFrom(XmlReader r)
   bei System.Xml.Linq.XContainer.ReadContentFrom(XmlReader r, LoadOptions o)
   bei System.Xml.Linq.XElement.ReadElementFrom(XmlReader r, LoadOptions o)
   bei System.Xml.Linq.XElement.Load(XmlReader reader, LoadOptions options)
   bei System.Xml.Linq.XElement.Parse(String text, LoadOptions options)
   bei StoreAppHelper.AppManager.TryCreateAppFromPackage(Package package)
16:45:19 - System.Xml.XmlException: 'desktop6' ist ein nicht deklariertes Präfix. Zeile 5, Position 6.
   bei System.Xml.XmlTextReaderImpl.Throw(Exception e)
   bei System.Xml.XmlTextReaderImpl.LookupNamespace(NodeData node)
   bei System.Xml.XmlTextReaderImpl.ElementNamespaceLookup()
   bei System.Xml.XmlTextReaderImpl.ParseElement()
   bei System.Xml.XmlTextReaderImpl.ParseElementContent()
   bei System.Xml.Linq.XContainer.ReadContentFrom(XmlReader r)
   bei System.Xml.Linq.XContainer.ReadContentFrom(XmlReader r, LoadOptions o)
   bei System.Xml.Linq.XElement.ReadElementFrom(XmlReader r, LoadOptions o)
   bei System.Xml.Linq.XElement.Load(XmlReader reader, LoadOptions options)
   bei System.Xml.Linq.XElement.Parse(String text, LoadOptions options)
   bei StoreAppHelper.AppManager.TryCreateAppFromPackage(Package package)
16:45:40 - System.Xml.XmlException: 'uap10' ist ein nicht deklariertes Präfix. Zeile 6, Position 6.
   bei System.Xml.XmlTextReaderImpl.Throw(Exception e)
   bei System.Xml.XmlTextReaderImpl.LookupNamespace(NodeData node)
   bei System.Xml.XmlTextReaderImpl.ElementNamespaceLookup()
   bei System.Xml.XmlTextReaderImpl.ParseElement()
   bei System.Xml.XmlTextReaderImpl.ParseElementContent()
   bei System.Xml.Linq.XContainer.ReadContentFrom(XmlReader r)
   bei System.Xml.Linq.XContainer.ReadContentFrom(XmlReader r, LoadOptions o)
   bei System.Xml.Linq.XElement.ReadElementFrom(XmlReader r, LoadOptions o)
   bei System.Xml.Linq.XElement.Load(XmlReader reader, LoadOptions options)
   bei System.Xml.Linq.XElement.Parse(String text, LoadOptions options)
   bei StoreAppHelper.AppManager.TryCreateAppFromPackage(Package package)
16:46:54 - System.Xml.XmlException: 'desktop6' ist ein nicht deklariertes Präfix. Zeile 5, Position 6.
   bei System.Xml.XmlTextReaderImpl.Throw(Exception e)
   bei System.Xml.XmlTextReaderImpl.LookupNamespace(NodeData node)
   bei System.Xml.XmlTextReaderImpl.ElementNamespaceLookup()
   bei System.Xml.XmlTextReaderImpl.ParseElement()
   bei System.Xml.XmlTextReaderImpl.ParseElementContent()
   bei System.Xml.Linq.XContainer.ReadContentFrom(XmlReader r)
   bei System.Xml.Linq.XContainer.ReadContentFrom(XmlReader r, LoadOptions o)
   bei System.Xml.Linq.XElement.ReadElementFrom(XmlReader r, LoadOptions o)
   bei System.Xml.Linq.XElement.Load(XmlReader reader, LoadOptions options)
   bei System.Xml.Linq.XElement.Parse(String text, LoadOptions options)
   bei StoreAppHelper.AppManager.TryCreateAppFromPackage(Package package)
16:46:56 - System.Xml.XmlException: 'uap10' ist ein nicht deklariertes Präfix. Zeile 6, Position 6.
   bei System.Xml.XmlTextReaderImpl.Throw(Exception e)
   bei System.Xml.XmlTextReaderImpl.LookupNamespace(NodeData node)
   bei System.Xml.XmlTextReaderImpl.ElementNamespaceLookup()
   bei System.Xml.XmlTextReaderImpl.ParseElement()
   bei System.Xml.XmlTextReaderImpl.ParseElementContent()
   bei System.Xml.Linq.XContainer.ReadContentFrom(XmlReader r)
   bei System.Xml.Linq.XContainer.ReadContentFrom(XmlReader r, LoadOptions o)
   bei System.Xml.Linq.XElement.ReadElementFrom(XmlReader r, LoadOptions o)
   bei System.Xml.Linq.XElement.Load(XmlReader reader, LoadOptions options)
   bei System.Xml.Linq.XElement.Parse(String text, LoadOptions options)
   bei StoreAppHelper.AppManager.TryCreateAppFromPackage(Package package)
16:47:58 - System.Xml.XmlException: 'desktop6' ist ein nicht deklariertes Präfix. Zeile 5, Position 6.
   bei System.Xml.XmlTextReaderImpl.Throw(Exception e)
   bei System.Xml.XmlTextReaderImpl.LookupNamespace(NodeData node)
   bei System.Xml.XmlTextReaderImpl.ElementNamespaceLookup()
   bei System.Xml.XmlTextReaderImpl.ParseElement()
   bei System.Xml.XmlTextReaderImpl.ParseElementContent()
   bei System.Xml.Linq.XContainer.ReadContentFrom(XmlReader r)
   bei System.Xml.Linq.XContainer.ReadContentFrom(XmlReader r, LoadOptions o)
   bei System.Xml.Linq.XElement.ReadElementFrom(XmlReader r, LoadOptions o)
   bei System.Xml.Linq.XElement.Load(XmlReader reader, LoadOptions options)
   bei System.Xml.Linq.XElement.Parse(String text, LoadOptions options)
   bei StoreAppHelper.AppManager.TryCreateAppFromPackage(Package package)
16:48:00 - System.Xml.XmlException: 'uap10' ist ein nicht deklariertes Präfix. Zeile 6, Position 6.
   bei System.Xml.XmlTextReaderImpl.Throw(Exception e)
   bei System.Xml.XmlTextReaderImpl.LookupNamespace(NodeData node)
   bei System.Xml.XmlTextReaderImpl.ElementNamespaceLookup()
   bei System.Xml.XmlTextReaderImpl.ParseElement()
   bei System.Xml.XmlTextReaderImpl.ParseElementContent()
   bei System.Xml.Linq.XContainer.ReadContentFrom(XmlReader r)
   bei System.Xml.Linq.XContainer.ReadContentFrom(XmlReader r, LoadOptions o)
   bei System.Xml.Linq.XElement.ReadElementFrom(XmlReader r, LoadOptions o)
   bei System.Xml.Linq.XElement.Load(XmlReader reader, LoadOptions options)
   bei System.Xml.Linq.XElement.Parse(String text, LoadOptions options)
   bei StoreAppHelper.AppManager.TryCreateAppFromPackage(Package package)
09:08:27 - System.Xml.XmlException: 'desktop6' ist ein nicht deklariertes Präfix. Zeile 5, Position 6.
   bei System.Xml.XmlTextReaderImpl.Throw(Exception e)
   bei System.Xml.XmlTextReaderImpl.LookupNamespace(NodeData node)
   bei System.Xml.XmlTextReaderImpl.ElementNamespaceLookup()
   bei System.Xml.XmlTextReaderImpl.ParseElement()
   bei System.Xml.XmlTextReaderImpl.ParseElementContent()
   bei System.Xml.Linq.XContainer.ReadContentFrom(XmlReader r)
   bei System.Xml.Linq.XContainer.ReadContentFrom(XmlReader r, LoadOptions o)
   bei System.Xml.Linq.XElement.ReadElementFrom(XmlReader r, LoadOptions o)
   bei System.Xml.Linq.XElement.Load(XmlReader reader, LoadOptions options)
   bei System.Xml.Linq.XElement.Parse(String text, LoadOptions options)
   bei StoreAppHelper.AppManager.TryCreateAppFromPackage(Package package)
09:08:27 - System.Xml.XmlException: 'uap10' ist ein nicht deklariertes Präfix. Zeile 6, Position 6.
   bei System.Xml.XmlTextReaderImpl.Throw(Exception e)
   bei System.Xml.XmlTextReaderImpl.LookupNamespace(NodeData node)
   bei System.Xml.XmlTextReaderImpl.ElementNamespaceLookup()
   bei System.Xml.XmlTextReaderImpl.ParseElement()
   bei System.Xml.XmlTextReaderImpl.ParseElementContent()
   bei System.Xml.Linq.XContainer.ReadContentFrom(XmlReader r)
   bei System.Xml.Linq.XContainer.ReadContentFrom(XmlReader r, LoadOptions o)
   bei System.Xml.Linq.XElement.ReadElementFrom(XmlReader r, LoadOptions o)
   bei System.Xml.Linq.XElement.Load(XmlReader reader, LoadOptions options)
   bei System.Xml.Linq.XElement.Parse(String text, LoadOptions options)
   bei StoreAppHelper.AppManager.TryCreateAppFromPackage(Package package)
09:10:01 - System.Xml.XmlException: 'desktop6' ist ein nicht deklariertes Präfix. Zeile 5, Position 6.
   bei System.Xml.XmlTextReaderImpl.Throw(Exception e)
   bei System.Xml.XmlTextReaderImpl.LookupNamespace(NodeData node)
   bei System.Xml.XmlTextReaderImpl.ElementNamespaceLookup()
   bei System.Xml.XmlTextReaderImpl.ParseElement()
   bei System.Xml.XmlTextReaderImpl.ParseElementContent()
   bei System.Xml.Linq.XContainer.ReadContentFrom(XmlReader r)
   bei System.Xml.Linq.XContainer.ReadContentFrom(XmlReader r, LoadOptions o)
   bei System.Xml.Linq.XElement.ReadElementFrom(XmlReader r, LoadOptions o)
   bei System.Xml.Linq.XElement.Load(XmlReader reader, LoadOptions options)
   bei System.Xml.Linq.XElement.Parse(String text, LoadOptions options)
   bei StoreAppHelper.AppManager.TryCreateAppFromPackage(Package package)
09:10:01 - System.Xml.XmlException: 'uap10' ist ein nicht deklariertes Präfix. Zeile 6, Position 6.
   bei System.Xml.XmlTextReaderImpl.Throw(Exception e)
   bei System.Xml.XmlTextReaderImpl.LookupNamespace(NodeData node)
   bei System.Xml.XmlTextReaderImpl.ElementNamespaceLookup()
   bei System.Xml.XmlTextReaderImpl.ParseElement()
   bei System.Xml.XmlTextReaderImpl.ParseElementContent()
   bei System.Xml.Linq.XContainer.ReadContentFrom(XmlReader r)
   bei System.Xml.Linq.XContainer.ReadContentFrom(XmlReader r, LoadOptions o)
   bei System.Xml.Linq.XElement.ReadElementFrom(XmlReader r, LoadOptions o)
   bei System.Xml.Linq.XElement.Load(XmlReader reader, LoadOptions options)
   bei System.Xml.Linq.XElement.Parse(String text, LoadOptions options)
   bei StoreAppHelper.AppManager.TryCreateAppFromPackage(Package package)
