--------------------------------------------------
17:55:03 - Application startup
17:55:03 - [0s] Starting automatizer as a daemon/service.
17:55:03 - Starting automatizer as a daemon/service.
17:55:08 - [6s] Attached to "msiexec"
17:55:08 - Attached to "msiexec"
17:55:08 - [6s] Looking for windows...
17:55:08 - Looking for windows...
17:55:08 - [Info - 19:55:08] 'TestStack.White.Configuration.UIItemIdAppXmlConfiguration' Using TableVerticalScrollBar=Vertical Scroll Bar for White/UIItemId
17:55:08 - [Info - 19:55:08] 'TestStack.White.Configuration.UIItemIdAppXmlConfiguration' Using TableHorizontalScrollBar=Horizontal Scroll Bar for White/UIItemId
17:55:08 - [Info - 19:55:08] 'TestStack.White.Configuration.UIItemIdAppXmlConfiguration' Using TableColumn=Row  for White/UIItemId
17:55:08 - [Info - 19:55:08] 'TestStack.White.Configuration.UIItemIdAppXmlConfiguration' Using TableTopLeftHeaderCell=Top Left Header Cell for White/UIItemId
17:55:08 - [Info - 19:55:08] 'TestStack.White.Configuration.UIItemIdAppXmlConfiguration' Using TableCellNullValue=(null) for White/UIItemId
17:55:08 - [Info - 19:55:08] 'TestStack.White.Configuration.UIItemIdAppXmlConfiguration' Using TableHeader=Top Row for White/UIItemId
17:55:08 - [Info - 19:55:08] 'TestStack.White.Configuration.UIItemIdAppXmlConfiguration' Using HorizontalScrollBar=Horizontal ScrollBar for White/UIItemId
17:55:08 - [Info - 19:55:08] 'TestStack.White.Configuration.UIItemIdAppXmlConfiguration' Using VerticalScrollBar=Vertical ScrollBar for White/UIItemId
17:55:08 - [Info - 19:55:08] 'TestStack.White.Configuration.UIItemIdAppXmlConfiguration' Using TableCellPrefix= Row  for White/UIItemId
17:55:08 - [6s] Found window "Windows Installer".
17:55:08 - Found window "Windows Installer".
17:55:09 - [6s] Looking for buttons to press...
17:55:09 - Looking for buttons to press...
17:55:16 - [14s] Attached to "Au_"
17:55:16 - Attached to "Au_"
17:55:17 - [14s] Looking for buttons to press...
17:55:17 - Looking for buttons to press...
17:55:17 - [14s] Looking for windows...
17:55:17 - Looking for windows...
17:55:17 - [14s] Found window "BRAINYOO Deinstallation".
17:55:17 - Found window "BRAINYOO Deinstallation".
17:55:17 - [14s] Looking for buttons to press...
17:55:17 - Looking for buttons to press...
17:55:17 - [14s] Clicking on the "Ja" button.
17:55:17 - Clicking on the "Ja" button.
17:55:17 - [Warn - 19:55:17] 'TestStack.White.Factory.WindowFactory' Could not find any windows for this application.
17:55:17 - [Warn - 19:55:17] 'TestStack.White.Factory.WindowFactory' Could not find any windows for this application.
17:55:17 - [15s] Looking for buttons to press...
17:55:17 - Looking for buttons to press...
17:55:17 - [Warn - 19:55:17] 'TestStack.White.Factory.WindowFactory' Could not find any windows for this application.
17:55:18 - [Warn - 19:55:18] 'TestStack.White.Factory.WindowFactory' Could not find any windows for this application.
17:55:18 - [Warn - 19:55:18] 'TestStack.White.Factory.WindowFactory' Could not find any windows for this application.
17:55:18 - [Warn - 19:55:18] 'TestStack.White.Factory.WindowFactory' Could not find any windows for this application.
17:55:18 - [16s] Attached to "unins000"
17:55:18 - Attached to "unins000"
17:55:18 - [Warn - 19:55:18] 'TestStack.White.Factory.WindowFactory' Could not find any windows for this application.
17:55:19 - [16s] Looking for windows...
17:55:19 - Looking for windows...
17:55:19 - [Warn - 19:55:19] 'TestStack.White.Factory.WindowFactory' Could not find any windows for this application.
17:55:19 - [Warn - 19:55:19] 'TestStack.White.Factory.WindowFactory' Could not find any windows for this application.
17:55:19 - [Warn - 19:55:19] 'TestStack.White.Factory.WindowFactory' Could not find any windows for this application.
17:55:19 - [Warn - 19:55:19] 'TestStack.White.Factory.WindowFactory' Could not find any windows for this application.
17:55:19 - [Warn - 19:55:19] 'TestStack.White.Factory.WindowFactory' Could not find any windows for this application.
17:55:19 - [Warn - 19:55:19] 'TestStack.White.Factory.WindowFactory' Could not find any windows for this application.
17:55:19 - [Warn - 19:55:19] 'TestStack.White.Factory.WindowFactory' Could not find any windows for this application.
17:55:19 - [Warn - 19:55:19] 'TestStack.White.Factory.WindowFactory' Could not find any windows for this application.
17:55:20 - [Warn - 19:55:20] 'TestStack.White.Factory.WindowFactory' Could not find any windows for this application.
17:55:20 - [17s] Attached to "_iu14D2N.tmp"
17:55:20 - Attached to "_iu14D2N.tmp"
17:55:20 - [Warn - 19:55:20] 'TestStack.White.Factory.WindowFactory' Could not find any windows for this application.
17:55:20 - [17s] Looking for windows...
17:55:20 - Looking for windows...
17:55:20 - [Warn - 19:55:20] 'TestStack.White.Factory.WindowFactory' Could not find any windows for this application.
17:55:20 - [Warn - 19:55:20] 'TestStack.White.Factory.WindowFactory' Could not find any windows for this application.
17:55:20 - [Warn - 19:55:20] 'TestStack.White.Factory.WindowFactory' Could not find any windows for this application.
17:55:20 - [Warn - 19:55:20] 'TestStack.White.Factory.WindowFactory' Could not find any windows for this application.
17:55:20 - [Warn - 19:55:20] 'TestStack.White.Factory.WindowFactory' Could not find any windows for this application.
17:55:20 - [Warn - 19:55:20] 'TestStack.White.Factory.WindowFactory' Could not find any windows for this application.
17:55:20 - [Warn - 19:55:20] 'TestStack.White.Factory.WindowFactory' Could not find any windows for this application.
17:55:20 - [Warn - 19:55:20] 'TestStack.White.Factory.WindowFactory' Could not find any windows for this application.
17:55:20 - [Warn - 19:55:20] 'TestStack.White.Factory.WindowFactory' Could not find any windows for this application.
17:55:20 - [Warn - 19:55:20] 'TestStack.White.Factory.WindowFactory' Could not find any windows for this application.
17:55:20 - [Warn - 19:55:20] 'TestStack.White.Factory.WindowFactory' Could not find any windows for this application.
17:55:20 - [Warn - 19:55:20] 'TestStack.White.Factory.WindowFactory' Could not find any windows for this application.
17:55:21 - [Warn - 19:55:21] 'TestStack.White.Factory.WindowFactory' Could not find any windows for this application.
17:55:21 - [Warn - 19:55:21] 'TestStack.White.Factory.WindowFactory' Could not find any windows for this application.
17:55:21 - [Warn - 19:55:21] 'TestStack.White.Factory.WindowFactory' Could not find any windows for this application.
17:55:21 - [Warn - 19:55:21] 'TestStack.White.Factory.WindowFactory' Could not find any windows for this application.
17:55:21 - [Warn - 19:55:21] 'TestStack.White.Factory.WindowFactory' Could not find any windows for this application.
17:55:21 - [Warn - 19:55:21] 'TestStack.White.Factory.WindowFactory' Could not find any windows for this application.
17:55:21 - [Warn - 19:55:21] 'TestStack.White.Factory.WindowFactory' Could not find any windows for this application.
17:55:21 - [Warn - 19:55:21] 'TestStack.White.Factory.WindowFactory' Could not find any windows for this application.
17:55:21 - [Warn - 19:55:21] 'TestStack.White.Factory.WindowFactory' Could not find any windows for this application.
17:55:21 - [Warn - 19:55:21] 'TestStack.White.Factory.WindowFactory' Could not find any windows for this application.
17:55:21 - [Warn - 19:55:21] 'TestStack.White.Factory.WindowFactory' Could not find any windows for this application.
17:55:21 - [Warn - 19:55:21] 'TestStack.White.Factory.WindowFactory' Could not find any windows for this application.
17:55:21 - [Warn - 19:55:21] 'TestStack.White.Factory.WindowFactory' Could not find any windows for this application.
17:55:21 - [Warn - 19:55:21] 'TestStack.White.Factory.WindowFactory' Could not find any windows for this application.
17:55:21 - [Warn - 19:55:21] 'TestStack.White.Factory.WindowFactory' Could not find any windows for this application.
17:55:21 - [Warn - 19:55:21] 'TestStack.White.Factory.WindowFactory' Could not find any windows for this application.
17:55:22 - [Warn - 19:55:22] 'TestStack.White.Factory.WindowFactory' Could not find any windows for this application.
17:55:22 - [Warn - 19:55:22] 'TestStack.White.Factory.WindowFactory' Could not find any windows for this application.
17:55:22 - [Warn - 19:55:22] 'TestStack.White.Factory.WindowFactory' Could not find any windows for this application.
17:55:22 - [Warn - 19:55:22] 'TestStack.White.Factory.WindowFactory' Could not find any windows for this application.
17:55:22 - [Warn - 19:55:22] 'TestStack.White.Factory.WindowFactory' Could not find any windows for this application.
17:55:22 - [Warn - 19:55:22] 'TestStack.White.Factory.WindowFactory' Could not find any windows for this application.
17:55:22 - [Warn - 19:55:22] 'TestStack.White.Factory.WindowFactory' Could not find any windows for this application.
17:55:22 - [Warn - 19:55:22] 'TestStack.White.Factory.WindowFactory' Could not find any windows for this application.
17:55:22 - [Warn - 19:55:22] 'TestStack.White.Factory.WindowFactory' Could not find any windows for this application.
17:55:22 - [Warn - 19:55:22] 'TestStack.White.Factory.WindowFactory' Could not find any windows for this application.
17:55:22 - [Warn - 19:55:22] 'TestStack.White.Factory.WindowFactory' Could not find any windows for this application.
17:55:22 - [Warn - 19:55:22] 'TestStack.White.Factory.WindowFactory' Could not find any windows for this application.
17:55:22 - [Warn - 19:55:22] 'TestStack.White.Factory.WindowFactory' Could not find any windows for this application.
17:55:22 - [20s] Window closed.
17:55:22 - Window closed.
17:55:22 - [Warn - 19:55:22] 'TestStack.White.Factory.WindowFactory' Could not find any windows for this application.
17:55:22 - [Warn - 19:55:22] 'TestStack.White.Factory.WindowFactory' Could not find any windows for this application.
17:55:22 - [Warn - 19:55:22] 'TestStack.White.Factory.WindowFactory' Could not find any windows for this application.
17:55:23 - [Warn - 19:55:23] 'TestStack.White.Factory.WindowFactory' Could not find any windows for this application.
17:55:23 - [Warn - 19:55:23] 'TestStack.White.Factory.WindowFactory' Could not find any windows for this application.
17:55:23 - [Warn - 19:55:23] 'TestStack.White.Factory.WindowFactory' Could not find any windows for this application.
17:55:23 - [Warn - 19:55:23] 'TestStack.White.Factory.WindowFactory' Could not find any windows for this application.
17:55:23 - [Warn - 19:55:23] 'TestStack.White.Factory.WindowFactory' Could not find any windows for this application.
17:55:23 - [Warn - 19:55:23] 'TestStack.White.Factory.WindowFactory' Could not find any windows for this application.
17:55:23 - [Warn - 19:55:23] 'TestStack.White.Factory.WindowFactory' Could not find any windows for this application.
17:55:23 - [Warn - 19:55:23] 'TestStack.White.Factory.WindowFactory' Could not find any windows for this application.
17:55:23 - [Warn - 19:55:23] 'TestStack.White.Factory.WindowFactory' Could not find any windows for this application.
17:55:23 - [Warn - 19:55:23] 'TestStack.White.Factory.WindowFactory' Could not find any windows for this application.
17:55:23 - [Warn - 19:55:23] 'TestStack.White.Factory.WindowFactory' Could not find any windows for this application.
17:55:23 - [Warn - 19:55:23] 'TestStack.White.Factory.WindowFactory' Could not find any windows for this application.
17:55:23 - [Warn - 19:55:23] 'TestStack.White.Factory.WindowFactory' Could not find any windows for this application.
17:55:23 - [Warn - 19:55:23] 'TestStack.White.Factory.WindowFactory' Could not find any windows for this application.
17:55:24 - [Warn - 19:55:24] 'TestStack.White.Factory.WindowFactory' Could not find any windows for this application.
17:55:24 - [Warn - 19:55:24] 'TestStack.White.Factory.WindowFactory' Could not find any windows for this application.
17:55:24 - [Warn - 19:55:24] 'TestStack.White.Factory.WindowFactory' Could not find any windows for this application.
17:55:24 - [Warn - 19:55:24] 'TestStack.White.Factory.WindowFactory' Could not find any windows for this application.
17:55:24 - [Warn - 19:55:24] 'TestStack.White.Factory.WindowFactory' Could not find any windows for this application.
17:55:24 - [Warn - 19:55:24] 'TestStack.White.Factory.WindowFactory' Could not find any windows for this application.
17:55:24 - [Warn - 19:55:24] 'TestStack.White.Factory.WindowFactory' Could not find any windows for this application.
17:55:24 - [Warn - 19:55:24] 'TestStack.White.Factory.WindowFactory' Could not find any windows for this application.
17:55:24 - [Warn - 19:55:24] 'TestStack.White.Factory.WindowFactory' Could not find any windows for this application.
17:55:25 - [Warn - 19:55:25] 'TestStack.White.Factory.WindowFactory' Could not find any windows for this application.
17:55:25 - [Warn - 19:55:25] 'TestStack.White.Factory.WindowFactory' Could not find any windows for this application.
17:55:25 - [Warn - 19:55:25] 'TestStack.White.Factory.WindowFactory' Could not find any windows for this application.
17:55:25 - [Warn - 19:55:25] 'TestStack.White.Factory.WindowFactory' Could not find any windows for this application.
17:55:25 - [Warn - 19:55:25] 'TestStack.White.Factory.WindowFactory' Could not find any windows for this application.
17:55:25 - [Warn - 19:55:25] 'TestStack.White.Factory.WindowFactory' Could not find any windows for this application.
17:55:26 - [Warn - 19:55:26] 'TestStack.White.Factory.WindowFactory' Could not find any windows for this application.
17:55:49 - [46s] Attached to "msiexec"
17:55:49 - Attached to "msiexec"
17:55:49 - [47s] Looking for windows...
17:55:49 - Looking for windows...
17:55:49 - [47s] Found window "Backup and Sync from Google".
17:55:49 - Found window "Backup and Sync from Google".
17:55:54 - [51s] Looking for buttons to press...
17:55:54 - Looking for buttons to press...
17:56:03 - [Warn - 19:56:03] 'TestStack.White.Factory.WindowFactory' Could not find any windows for this application.
17:56:03 - [Warn - 19:56:03] 'TestStack.White.Factory.WindowFactory' Could not find any windows for this application.
17:56:03 - [Warn - 19:56:03] 'TestStack.White.Factory.WindowFactory' Could not find any windows for this application.
17:56:04 - [Warn - 19:56:04] 'TestStack.White.Factory.WindowFactory' Could not find any windows for this application.
17:56:04 - [Warn - 19:56:04] 'TestStack.White.Factory.WindowFactory' Could not find any windows for this application.
17:56:04 - [Warn - 19:56:04] 'TestStack.White.Factory.WindowFactory' Could not find any windows for this application.
17:56:04 - [62s] Attached to "msiexec"
17:56:04 - Attached to "msiexec"
17:56:04 - [62s] Looking for windows...
17:56:04 - Looking for windows...
17:56:04 - [62s] Found window "Allway Sync".
17:56:04 - Found window "Allway Sync".
17:56:04 - [Warn - 19:56:04] 'TestStack.White.Factory.WindowFactory' Could not find any windows for this application.
17:56:05 - [62s] Looking for buttons to press...
17:56:05 - Looking for buttons to press...
17:56:05 - [Warn - 19:56:05] 'TestStack.White.Factory.WindowFactory' Could not find any windows for this application.
17:56:05 - [Warn - 19:56:05] 'TestStack.White.Factory.WindowFactory' Could not find any windows for this application.
17:56:05 - [Warn - 19:56:05] 'TestStack.White.Factory.WindowFactory' Could not find any windows for this application.
17:56:05 - [Warn - 19:56:05] 'TestStack.White.Factory.WindowFactory' Could not find any windows for this application.
17:56:06 - [Warn - 19:56:06] 'TestStack.White.Factory.WindowFactory' Could not find any windows for this application.
17:56:06 - [Warn - 19:56:06] 'TestStack.White.Factory.WindowFactory' Could not find any windows for this application.
17:56:06 - [Warn - 19:56:06] 'TestStack.White.Factory.WindowFactory' Could not find any windows for this application.
17:56:06 - [Warn - 19:56:06] 'TestStack.White.Factory.WindowFactory' Could not find any windows for this application.
17:56:07 - [Warn - 19:56:07] 'TestStack.White.Factory.WindowFactory' Could not find any windows for this application.
17:56:07 - [Warn - 19:56:07] 'TestStack.White.Factory.WindowFactory' Could not find any windows for this application.
17:56:07 - [Warn - 19:56:07] 'TestStack.White.Factory.WindowFactory' Could not find any windows for this application.
17:56:07 - [Warn - 19:56:07] 'TestStack.White.Factory.WindowFactory' Could not find any windows for this application.
17:56:08 - [Warn - 19:56:08] 'TestStack.White.Factory.WindowFactory' Could not find any windows for this application.
17:56:08 - [Warn - 19:56:08] 'TestStack.White.Factory.WindowFactory' Could not find any windows for this application.
17:56:08 - [Warn - 19:56:08] 'TestStack.White.Factory.WindowFactory' Could not find any windows for this application.
17:56:08 - [66s] Window closed.
17:56:08 - Window closed.
17:56:08 - [66s] Looking for buttons to press...
17:56:08 - Looking for buttons to press...
17:56:09 - [Warn - 19:56:09] 'TestStack.White.Factory.WindowFactory' Could not find any windows for this application.
17:56:09 - [Warn - 19:56:09] 'TestStack.White.Factory.WindowFactory' Could not find any windows for this application.
17:56:09 - [Warn - 19:56:09] 'TestStack.White.Factory.WindowFactory' Could not find any windows for this application.
17:56:09 - [Warn - 19:56:09] 'TestStack.White.Factory.WindowFactory' Could not find any windows for this application.
17:56:09 - [Warn - 19:56:09] 'TestStack.White.Factory.WindowFactory' Could not find any windows for this application.
17:56:10 - [Warn - 19:56:10] 'TestStack.White.Factory.WindowFactory' Could not find any windows for this application.
17:56:10 - [Warn - 19:56:10] 'TestStack.White.Factory.WindowFactory' Could not find any windows for this application.
17:56:10 - [Warn - 19:56:10] 'TestStack.White.Factory.WindowFactory' Could not find any windows for this application.
17:56:11 - [Warn - 19:56:11] 'TestStack.White.Factory.WindowFactory' Could not find any windows for this application.
17:56:11 - [Warn - 19:56:11] 'TestStack.White.Factory.WindowFactory' Could not find any windows for this application.
17:56:11 - [Warn - 19:56:11] 'TestStack.White.Factory.WindowFactory' Could not find any windows for this application.
17:56:11 - [Warn - 19:56:11] 'TestStack.White.Factory.WindowFactory' Could not find any windows for this application.
17:56:12 - [Warn - 19:56:12] 'TestStack.White.Factory.WindowFactory' Could not find any windows for this application.
17:56:12 - [Warn - 19:56:12] 'TestStack.White.Factory.WindowFactory' Could not find any windows for this application.
17:56:12 - [69s] Attached to "msiexec"
17:56:12 - Attached to "msiexec"
17:56:12 - [69s] Looking for windows...
17:56:12 - Looking for windows...
17:56:12 - [69s] Found window "GoTo Opener".
17:56:12 - Found window "GoTo Opener".
17:56:12 - [Warn - 19:56:12] 'TestStack.White.Factory.WindowFactory' Could not find any windows for this application.
17:56:12 - [Warn - 19:56:12] 'TestStack.White.Factory.WindowFactory' Could not find any windows for this application.
17:56:12 - [70s] Window closed.
17:56:12 - Window closed.
17:56:13 - [Warn - 19:56:13] 'TestStack.White.Factory.WindowFactory' Could not find any windows for this application.
17:56:13 - [Warn - 19:56:13] 'TestStack.White.Factory.WindowFactory' Could not find any windows for this application.
17:56:13 - [Warn - 19:56:13] 'TestStack.White.Factory.WindowFactory' Could not find any windows for this application.
17:56:13 - [Warn - 19:56:13] 'TestStack.White.Factory.WindowFactory' Could not find any windows for this application.
17:56:13 - [71s] Attached to "msiexec"
17:56:13 - Attached to "msiexec"
17:56:13 - [71s] Looking for windows...
17:56:13 - Looking for windows...
17:56:14 - [Warn - 19:56:14] 'TestStack.White.Factory.WindowFactory' Could not find any windows for this application.
17:56:14 - [71s] Found window "GoToMeeting 10.17.19796".
17:56:14 - Found window "GoToMeeting 10.17.19796".
17:56:14 - [71s] Window closed.
17:56:14 - Window closed.
17:56:14 - [Warn - 19:56:14] 'TestStack.White.Factory.WindowFactory' Could not find any windows for this application.
17:56:15 - [72s] Attached to "msiexec"
17:56:15 - Attached to "msiexec"
17:56:15 - [72s] Looking for windows...
17:56:15 - Looking for windows...
17:56:15 - [73s] Found window "GoToMeeting 10.15.19228".
17:56:15 - Found window "GoToMeeting 10.15.19228".
17:56:15 - [73s] Window closed.
17:56:15 - Window closed.
17:56:16 - [74s] Attached to "msiexec"
17:56:16 - Attached to "msiexec"
17:56:16 - [74s] Looking for windows...
17:56:16 - Looking for windows...
17:56:17 - [74s] Found window "GoToMeeting 10.14.18962".
17:56:17 - Found window "GoToMeeting 10.14.18962".
17:56:17 - [74s] Looking for buttons to press...
17:56:17 - Looking for buttons to press...
17:56:17 - [74s] Clicking on the "OK" button.
17:56:17 - Clicking on the "OK" button.
17:56:17 - [Warn - 19:56:17] 'TestStack.White.Factory.WindowFactory' Could not find any windows for this application.
17:56:17 - [Warn - 19:56:17] 'TestStack.White.Factory.WindowFactory' Could not find any windows for this application.
17:56:18 - [Warn - 19:56:18] 'TestStack.White.Factory.WindowFactory' Could not find any windows for this application.
17:56:18 - [Warn - 19:56:18] 'TestStack.White.Factory.WindowFactory' Could not find any windows for this application.
17:56:18 - [Warn - 19:56:18] 'TestStack.White.Factory.WindowFactory' Could not find any windows for this application.
17:56:18 - [Warn - 19:56:18] 'TestStack.White.Factory.WindowFactory' Could not find any windows for this application.
17:56:19 - [Warn - 19:56:19] 'TestStack.White.Factory.WindowFactory' Could not find any windows for this application.
17:56:19 - [Warn - 19:56:19] 'TestStack.White.Factory.WindowFactory' Could not find any windows for this application.
17:56:19 - [Warn - 19:56:19] 'TestStack.White.Factory.WindowFactory' Could not find any windows for this application.
17:56:19 - [Warn - 19:56:19] 'TestStack.White.Factory.WindowFactory' Could not find any windows for this application.
17:56:20 - [Warn - 19:56:20] 'TestStack.White.Factory.WindowFactory' Could not find any windows for this application.
17:56:20 - [Warn - 19:56:20] 'TestStack.White.Factory.WindowFactory' Could not find any windows for this application.
17:56:20 - [Warn - 19:56:20] 'TestStack.White.Factory.WindowFactory' Could not find any windows for this application.
17:56:20 - [Warn - 19:56:20] 'TestStack.White.Factory.WindowFactory' Could not find any windows for this application.
17:56:21 - [Warn - 19:56:21] 'TestStack.White.Factory.WindowFactory' Could not find any windows for this application.
17:56:21 - [Warn - 19:56:21] 'TestStack.White.Factory.WindowFactory' Could not find any windows for this application.
17:56:21 - [Warn - 19:56:21] 'TestStack.White.Factory.WindowFactory' Could not find any windows for this application.
17:56:21 - [Warn - 19:56:21] 'TestStack.White.Factory.WindowFactory' Could not find any windows for this application.
17:56:22 - [Warn - 19:56:22] 'TestStack.White.Factory.WindowFactory' Could not find any windows for this application.
17:56:22 - [Warn - 19:56:22] 'TestStack.White.Factory.WindowFactory' Could not find any windows for this application.
17:56:22 - [Warn - 19:56:22] 'TestStack.White.Factory.WindowFactory' Could not find any windows for this application.
17:56:22 - [Warn - 19:56:22] 'TestStack.White.Factory.WindowFactory' Could not find any windows for this application.
17:56:22 - [80s] Window closed.
17:56:22 - Window closed.
17:58:55 - [233s] Automation was successful!
17:58:55 - Automation was successful!
