11:24:24 - System.Management.Automation.PSSecurityException: Fehler bei der AuthorizationManager-Überprüfung. ---> System.Management.Automation.Host.HostException: Fehler in einem Befehl mit einer Eingabeaufforderung. Vom Hostprogramm oder Befehlstyp wird keine Benutzerinteraktion unterstützt. Für den Versuch, die Bestätigung anzufordern, wurde vom Host folgende Meldung verwendet: Führen Sie ausschließlich vertrauenswürdige Skripts aus. Skripts aus dem Internet können zwar nützlich sein, stellen jedoch auch eine potenzielle Gefahr für Ihren Computer dar. Wenn Sie diesem Skript vertrauen, lassen Sie mit dem Cmdlet "Unblock-File" die Ausführung des Skripts ohne die Warnmeldung zu. Möchten Sie "\\DS418-BC\homes\daniel\Drive\1 Dokumente\20 Arbeit\02 IT-Service Remke\01_Organisation\07_Checklisten+Tools\Tools für Checkups\BCUninstaller_4.16_portable\Resources\Scripts\Remove\remove-onedrive_check.ps1" ausführen?
   bei System.Management.Automation.Internal.Host.InternalHostUserInterface.ThrowPromptNotInteractive(String promptMessage)
   bei System.Management.Automation.Internal.Host.InternalHostUserInterface.PromptForChoice(String caption, String message, Collection`1 choices, Int32 defaultChoice)
   bei Microsoft.PowerShell.PSAuthorizationManager.RemoteFilePrompt(String path, PSHost host)
   bei Microsoft.PowerShell.PSAuthorizationManager.CheckPolicy(ExternalScriptInfo script, PSHost host, Exception& reason)
   bei Microsoft.PowerShell.PSAuthorizationManager.ShouldRun(CommandInfo commandInfo, CommandOrigin origin, PSHost host, Exception& reason)
   bei System.Management.Automation.AuthorizationManager.ShouldRunInternal(CommandInfo commandInfo, CommandOrigin origin, PSHost host)
   --- Ende der internen Ausnahmestapelüberwachung ---
   bei System.Management.Automation.Runspaces.PipelineBase.Invoke(IEnumerable input)
   bei System.Management.Automation.PowerShell.Worker.ConstructPipelineAndDoWork(Runspace rs, Boolean performSyncInvoke)
   bei System.Management.Automation.PowerShell.Worker.CreateRunspaceIfNeededAndDoWork(Runspace rsToUse, Boolean isSync)
   bei System.Management.Automation.PowerShell.CoreInvokeHelper[TInput,TOutput](PSDataCollection`1 input, PSDataCollection`1 output, PSInvocationSettings settings)
   bei System.Management.Automation.PowerShell.CoreInvoke[TInput,TOutput](PSDataCollection`1 input, PSDataCollection`1 output, PSInvocationSettings settings)
   bei System.Management.Automation.PowerShell.Invoke(IEnumerable input, PSInvocationSettings settings)
   bei ScriptHelper.ScriptManager.TestCondition(String directoryPath, String scriptPath, String arguments, PowerShell powerShell)
11:24:24 - System.Management.Automation.PSSecurityException: Fehler bei der AuthorizationManager-Überprüfung. ---> System.Management.Automation.Host.HostException: Fehler in einem Befehl mit einer Eingabeaufforderung. Vom Hostprogramm oder Befehlstyp wird keine Benutzerinteraktion unterstützt. Für den Versuch, die Bestätigung anzufordern, wurde vom Host folgende Meldung verwendet: Führen Sie ausschließlich vertrauenswürdige Skripts aus. Skripts aus dem Internet können zwar nützlich sein, stellen jedoch auch eine potenzielle Gefahr für Ihren Computer dar. Wenn Sie diesem Skript vertrauen, lassen Sie mit dem Cmdlet "Unblock-File" die Ausführung des Skripts ohne die Warnmeldung zu. Möchten Sie "\\DS418-BC\homes\daniel\Drive\1 Dokumente\20 Arbeit\02 IT-Service Remke\01_Organisation\07_Checklisten+Tools\Tools für Checkups\BCUninstaller_4.16_portable\Resources\Scripts\Tweak\disable-easy-access-key-shortcuts_check.ps1" ausführen?
   bei System.Management.Automation.Internal.Host.InternalHostUserInterface.ThrowPromptNotInteractive(String promptMessage)
   bei System.Management.Automation.Internal.Host.InternalHostUserInterface.PromptForChoice(String caption, String message, Collection`1 choices, Int32 defaultChoice)
   bei Microsoft.PowerShell.PSAuthorizationManager.RemoteFilePrompt(String path, PSHost host)
   bei Microsoft.PowerShell.PSAuthorizationManager.CheckPolicy(ExternalScriptInfo script, PSHost host, Exception& reason)
   bei Microsoft.PowerShell.PSAuthorizationManager.ShouldRun(CommandInfo commandInfo, CommandOrigin origin, PSHost host, Exception& reason)
   bei System.Management.Automation.AuthorizationManager.ShouldRunInternal(CommandInfo commandInfo, CommandOrigin origin, PSHost host)
   --- Ende der internen Ausnahmestapelüberwachung ---
   bei System.Management.Automation.Runspaces.PipelineBase.Invoke(IEnumerable input)
   bei System.Management.Automation.PowerShell.Worker.ConstructPipelineAndDoWork(Runspace rs, Boolean performSyncInvoke)
   bei System.Management.Automation.PowerShell.Worker.CreateRunspaceIfNeededAndDoWork(Runspace rsToUse, Boolean isSync)
   bei System.Management.Automation.PowerShell.CoreInvokeHelper[TInput,TOutput](PSDataCollection`1 input, PSDataCollection`1 output, PSInvocationSettings settings)
   bei System.Management.Automation.PowerShell.CoreInvoke[TInput,TOutput](PSDataCollection`1 input, PSDataCollection`1 output, PSInvocationSettings settings)
   bei System.Management.Automation.PowerShell.Invoke(IEnumerable input, PSInvocationSettings settings)
   bei ScriptHelper.ScriptManager.TestCondition(String directoryPath, String scriptPath, String arguments, PowerShell powerShell)
11:24:24 - System.Management.Automation.PSSecurityException: Fehler bei der AuthorizationManager-Überprüfung. ---> System.Management.Automation.Host.HostException: Fehler in einem Befehl mit einer Eingabeaufforderung. Vom Hostprogramm oder Befehlstyp wird keine Benutzerinteraktion unterstützt. Für den Versuch, die Bestätigung anzufordern, wurde vom Host folgende Meldung verwendet: Führen Sie ausschließlich vertrauenswürdige Skripts aus. Skripts aus dem Internet können zwar nützlich sein, stellen jedoch auch eine potenzielle Gefahr für Ihren Computer dar. Wenn Sie diesem Skript vertrauen, lassen Sie mit dem Cmdlet "Unblock-File" die Ausführung des Skripts ohne die Warnmeldung zu. Möchten Sie "\\DS418-BC\homes\daniel\Drive\1 Dokumente\20 Arbeit\02 IT-Service Remke\01_Organisation\07_Checklisten+Tools\Tools für Checkups\BCUninstaller_4.16_portable\Resources\Scripts\Tweak\disable-subscribed-content_check.ps1" ausführen?
   bei System.Management.Automation.Internal.Host.InternalHostUserInterface.ThrowPromptNotInteractive(String promptMessage)
   bei System.Management.Automation.Internal.Host.InternalHostUserInterface.PromptForChoice(String caption, String message, Collection`1 choices, Int32 defaultChoice)
   bei Microsoft.PowerShell.PSAuthorizationManager.RemoteFilePrompt(String path, PSHost host)
   bei Microsoft.PowerShell.PSAuthorizationManager.CheckPolicy(ExternalScriptInfo script, PSHost host, Exception& reason)
   bei Microsoft.PowerShell.PSAuthorizationManager.ShouldRun(CommandInfo commandInfo, CommandOrigin origin, PSHost host, Exception& reason)
   bei System.Management.Automation.AuthorizationManager.ShouldRunInternal(CommandInfo commandInfo, CommandOrigin origin, PSHost host)
   --- Ende der internen Ausnahmestapelüberwachung ---
   bei System.Management.Automation.Runspaces.PipelineBase.Invoke(IEnumerable input)
   bei System.Management.Automation.PowerShell.Worker.ConstructPipelineAndDoWork(Runspace rs, Boolean performSyncInvoke)
   bei System.Management.Automation.PowerShell.Worker.CreateRunspaceIfNeededAndDoWork(Runspace rsToUse, Boolean isSync)
   bei System.Management.Automation.PowerShell.CoreInvokeHelper[TInput,TOutput](PSDataCollection`1 input, PSDataCollection`1 output, PSInvocationSettings settings)
   bei System.Management.Automation.PowerShell.CoreInvoke[TInput,TOutput](PSDataCollection`1 input, PSDataCollection`1 output, PSInvocationSettings settings)
   bei System.Management.Automation.PowerShell.Invoke(IEnumerable input, PSInvocationSettings settings)
   bei ScriptHelper.ScriptManager.TestCondition(String directoryPath, String scriptPath, String arguments, PowerShell powerShell)
11:24:24 - System.Management.Automation.PSSecurityException: Fehler bei der AuthorizationManager-Überprüfung. ---> System.Management.Automation.Host.HostException: Fehler in einem Befehl mit einer Eingabeaufforderung. Vom Hostprogramm oder Befehlstyp wird keine Benutzerinteraktion unterstützt. Für den Versuch, die Bestätigung anzufordern, wurde vom Host folgende Meldung verwendet: Führen Sie ausschließlich vertrauenswürdige Skripts aus. Skripts aus dem Internet können zwar nützlich sein, stellen jedoch auch eine potenzielle Gefahr für Ihren Computer dar. Wenn Sie diesem Skript vertrauen, lassen Sie mit dem Cmdlet "Unblock-File" die Ausführung des Skripts ohne die Warnmeldung zu. Möchten Sie "\\DS418-BC\homes\daniel\Drive\1 Dokumente\20 Arbeit\02 IT-Service Remke\01_Organisation\07_Checklisten+Tools\Tools für Checkups\BCUninstaller_4.16_portable\Resources\Scripts\Tweak\disable-wallpaper-compression_check.ps1" ausführen?
   bei System.Management.Automation.Internal.Host.InternalHostUserInterface.ThrowPromptNotInteractive(String promptMessage)
   bei System.Management.Automation.Internal.Host.InternalHostUserInterface.PromptForChoice(String caption, String message, Collection`1 choices, Int32 defaultChoice)
   bei Microsoft.PowerShell.PSAuthorizationManager.RemoteFilePrompt(String path, PSHost host)
   bei Microsoft.PowerShell.PSAuthorizationManager.CheckPolicy(ExternalScriptInfo script, PSHost host, Exception& reason)
   bei Microsoft.PowerShell.PSAuthorizationManager.ShouldRun(CommandInfo commandInfo, CommandOrigin origin, PSHost host, Exception& reason)
   bei System.Management.Automation.AuthorizationManager.ShouldRunInternal(CommandInfo commandInfo, CommandOrigin origin, PSHost host)
   --- Ende der internen Ausnahmestapelüberwachung ---
   bei System.Management.Automation.Runspaces.PipelineBase.Invoke(IEnumerable input)
   bei System.Management.Automation.PowerShell.Worker.ConstructPipelineAndDoWork(Runspace rs, Boolean performSyncInvoke)
   bei System.Management.Automation.PowerShell.Worker.CreateRunspaceIfNeededAndDoWork(Runspace rsToUse, Boolean isSync)
   bei System.Management.Automation.PowerShell.CoreInvokeHelper[TInput,TOutput](PSDataCollection`1 input, PSDataCollection`1 output, PSInvocationSettings settings)
   bei System.Management.Automation.PowerShell.CoreInvoke[TInput,TOutput](PSDataCollection`1 input, PSDataCollection`1 output, PSInvocationSettings settings)
   bei System.Management.Automation.PowerShell.Invoke(IEnumerable input, PSInvocationSettings settings)
   bei ScriptHelper.ScriptManager.TestCondition(String directoryPath, String scriptPath, String arguments, PowerShell powerShell)
11:24:24 - System.Management.Automation.PSSecurityException: Fehler bei der AuthorizationManager-Überprüfung. ---> System.Management.Automation.Host.HostException: Fehler in einem Befehl mit einer Eingabeaufforderung. Vom Hostprogramm oder Befehlstyp wird keine Benutzerinteraktion unterstützt. Für den Versuch, die Bestätigung anzufordern, wurde vom Host folgende Meldung verwendet: Führen Sie ausschließlich vertrauenswürdige Skripts aus. Skripts aus dem Internet können zwar nützlich sein, stellen jedoch auch eine potenzielle Gefahr für Ihren Computer dar. Wenn Sie diesem Skript vertrauen, lassen Sie mit dem Cmdlet "Unblock-File" die Ausführung des Skripts ohne die Warnmeldung zu. Möchten Sie "\\DS418-BC\homes\daniel\Drive\1 Dokumente\20 Arbeit\02 IT-Service Remke\01_Organisation\07_Checklisten+Tools\Tools für Checkups\BCUninstaller_4.16_portable\Resources\Scripts\Tweak\mouse-acceleration-fix_check.ps1" ausführen?
   bei System.Management.Automation.Internal.Host.InternalHostUserInterface.ThrowPromptNotInteractive(String promptMessage)
   bei System.Management.Automation.Internal.Host.InternalHostUserInterface.PromptForChoice(String caption, String message, Collection`1 choices, Int32 defaultChoice)
   bei Microsoft.PowerShell.PSAuthorizationManager.RemoteFilePrompt(String path, PSHost host)
   bei Microsoft.PowerShell.PSAuthorizationManager.CheckPolicy(ExternalScriptInfo script, PSHost host, Exception& reason)
   bei Microsoft.PowerShell.PSAuthorizationManager.ShouldRun(CommandInfo commandInfo, CommandOrigin origin, PSHost host, Exception& reason)
   bei System.Management.Automation.AuthorizationManager.ShouldRunInternal(CommandInfo commandInfo, CommandOrigin origin, PSHost host)
   --- Ende der internen Ausnahmestapelüberwachung ---
   bei System.Management.Automation.Runspaces.PipelineBase.Invoke(IEnumerable input)
   bei System.Management.Automation.PowerShell.Worker.ConstructPipelineAndDoWork(Runspace rs, Boolean performSyncInvoke)
   bei System.Management.Automation.PowerShell.Worker.CreateRunspaceIfNeededAndDoWork(Runspace rsToUse, Boolean isSync)
   bei System.Management.Automation.PowerShell.CoreInvokeHelper[TInput,TOutput](PSDataCollection`1 input, PSDataCollection`1 output, PSInvocationSettings settings)
   bei System.Management.Automation.PowerShell.CoreInvoke[TInput,TOutput](PSDataCollection`1 input, PSDataCollection`1 output, PSInvocationSettings settings)
   bei System.Management.Automation.PowerShell.Invoke(IEnumerable input, PSInvocationSettings settings)
   bei ScriptHelper.ScriptManager.TestCondition(String directoryPath, String scriptPath, String arguments, PowerShell powerShell)
11:24:24 - System.Management.Automation.PSSecurityException: Fehler bei der AuthorizationManager-Überprüfung. ---> System.Management.Automation.Host.HostException: Fehler in einem Befehl mit einer Eingabeaufforderung. Vom Hostprogramm oder Befehlstyp wird keine Benutzerinteraktion unterstützt. Für den Versuch, die Bestätigung anzufordern, wurde vom Host folgende Meldung verwendet: Führen Sie ausschließlich vertrauenswürdige Skripts aus. Skripts aus dem Internet können zwar nützlich sein, stellen jedoch auch eine potenzielle Gefahr für Ihren Computer dar. Wenn Sie diesem Skript vertrauen, lassen Sie mit dem Cmdlet "Unblock-File" die Ausführung des Skripts ohne die Warnmeldung zu. Möchten Sie "\\DS418-BC\homes\daniel\Drive\1 Dokumente\20 Arbeit\02 IT-Service Remke\01_Organisation\07_Checklisten+Tools\Tools für Checkups\BCUninstaller_4.16_portable\Resources\Scripts\Tweak\remove-special-folders-from-this-pc_check.ps1" ausführen?
   bei System.Management.Automation.Internal.Host.InternalHostUserInterface.ThrowPromptNotInteractive(String promptMessage)
   bei System.Management.Automation.Internal.Host.InternalHostUserInterface.PromptForChoice(String caption, String message, Collection`1 choices, Int32 defaultChoice)
   bei Microsoft.PowerShell.PSAuthorizationManager.RemoteFilePrompt(String path, PSHost host)
   bei Microsoft.PowerShell.PSAuthorizationManager.CheckPolicy(ExternalScriptInfo script, PSHost host, Exception& reason)
   bei Microsoft.PowerShell.PSAuthorizationManager.ShouldRun(CommandInfo commandInfo, CommandOrigin origin, PSHost host, Exception& reason)
   bei System.Management.Automation.AuthorizationManager.ShouldRunInternal(CommandInfo commandInfo, CommandOrigin origin, PSHost host)
   --- Ende der internen Ausnahmestapelüberwachung ---
   bei System.Management.Automation.Runspaces.PipelineBase.Invoke(IEnumerable input)
   bei System.Management.Automation.PowerShell.Worker.ConstructPipelineAndDoWork(Runspace rs, Boolean performSyncInvoke)
   bei System.Management.Automation.PowerShell.Worker.CreateRunspaceIfNeededAndDoWork(Runspace rsToUse, Boolean isSync)
   bei System.Management.Automation.PowerShell.CoreInvokeHelper[TInput,TOutput](PSDataCollection`1 input, PSDataCollection`1 output, PSInvocationSettings settings)
   bei System.Management.Automation.PowerShell.CoreInvoke[TInput,TOutput](PSDataCollection`1 input, PSDataCollection`1 output, PSInvocationSettings settings)
   bei System.Management.Automation.PowerShell.Invoke(IEnumerable input, PSInvocationSettings settings)
   bei ScriptHelper.ScriptManager.TestCondition(String directoryPath, String scriptPath, String arguments, PowerShell powerShell)
11:24:24 - System.Management.Automation.PSSecurityException: Fehler bei der AuthorizationManager-Überprüfung. ---> System.Management.Automation.Host.HostException: Fehler in einem Befehl mit einer Eingabeaufforderung. Vom Hostprogramm oder Befehlstyp wird keine Benutzerinteraktion unterstützt. Für den Versuch, die Bestätigung anzufordern, wurde vom Host folgende Meldung verwendet: Führen Sie ausschließlich vertrauenswürdige Skripts aus. Skripts aus dem Internet können zwar nützlich sein, stellen jedoch auch eine potenzielle Gefahr für Ihren Computer dar. Wenn Sie diesem Skript vertrauen, lassen Sie mit dem Cmdlet "Unblock-File" die Ausführung des Skripts ohne die Warnmeldung zu. Möchten Sie "\\DS418-BC\homes\daniel\Drive\1 Dokumente\20 Arbeit\02 IT-Service Remke\01_Organisation\07_Checklisten+Tools\Tools für Checkups\BCUninstaller_4.16_portable\Resources\Scripts\Tweak\remove-special-folders-from-this-pc_check.ps1" ausführen?
   bei System.Management.Automation.Internal.Host.InternalHostUserInterface.ThrowPromptNotInteractive(String promptMessage)
   bei System.Management.Automation.Internal.Host.InternalHostUserInterface.PromptForChoice(String caption, String message, Collection`1 choices, Int32 defaultChoice)
   bei Microsoft.PowerShell.PSAuthorizationManager.RemoteFilePrompt(String path, PSHost host)
   bei Microsoft.PowerShell.PSAuthorizationManager.CheckPolicy(ExternalScriptInfo script, PSHost host, Exception& reason)
   bei Microsoft.PowerShell.PSAuthorizationManager.ShouldRun(CommandInfo commandInfo, CommandOrigin origin, PSHost host, Exception& reason)
   bei System.Management.Automation.AuthorizationManager.ShouldRunInternal(CommandInfo commandInfo, CommandOrigin origin, PSHost host)
   --- Ende der internen Ausnahmestapelüberwachung ---
   bei System.Management.Automation.Runspaces.PipelineBase.Invoke(IEnumerable input)
   bei System.Management.Automation.PowerShell.Worker.ConstructPipelineAndDoWork(Runspace rs, Boolean performSyncInvoke)
   bei System.Management.Automation.PowerShell.Worker.CreateRunspaceIfNeededAndDoWork(Runspace rsToUse, Boolean isSync)
   bei System.Management.Automation.PowerShell.CoreInvokeHelper[TInput,TOutput](PSDataCollection`1 input, PSDataCollection`1 output, PSInvocationSettings settings)
   bei System.Management.Automation.PowerShell.CoreInvoke[TInput,TOutput](PSDataCollection`1 input, PSDataCollection`1 output, PSInvocationSettings settings)
   bei System.Management.Automation.PowerShell.Invoke(IEnumerable input, PSInvocationSettings settings)
   bei ScriptHelper.ScriptManager.TestCondition(String directoryPath, String scriptPath, String arguments, PowerShell powerShell)
11:24:24 - System.Management.Automation.PSSecurityException: Fehler bei der AuthorizationManager-Überprüfung. ---> System.Management.Automation.Host.HostException: Fehler in einem Befehl mit einer Eingabeaufforderung. Vom Hostprogramm oder Befehlstyp wird keine Benutzerinteraktion unterstützt. Für den Versuch, die Bestätigung anzufordern, wurde vom Host folgende Meldung verwendet: Führen Sie ausschließlich vertrauenswürdige Skripts aus. Skripts aus dem Internet können zwar nützlich sein, stellen jedoch auch eine potenzielle Gefahr für Ihren Computer dar. Wenn Sie diesem Skript vertrauen, lassen Sie mit dem Cmdlet "Unblock-File" die Ausführung des Skripts ohne die Warnmeldung zu. Möchten Sie "\\DS418-BC\homes\daniel\Drive\1 Dokumente\20 Arbeit\02 IT-Service Remke\01_Organisation\07_Checklisten+Tools\Tools für Checkups\BCUninstaller_4.16_portable\Resources\Scripts\Tweak\remove-special-folders-from-this-pc_check.ps1" ausführen?
   bei System.Management.Automation.Internal.Host.InternalHostUserInterface.ThrowPromptNotInteractive(String promptMessage)
   bei System.Management.Automation.Internal.Host.InternalHostUserInterface.PromptForChoice(String caption, String message, Collection`1 choices, Int32 defaultChoice)
   bei Microsoft.PowerShell.PSAuthorizationManager.RemoteFilePrompt(String path, PSHost host)
   bei Microsoft.PowerShell.PSAuthorizationManager.CheckPolicy(ExternalScriptInfo script, PSHost host, Exception& reason)
   bei Microsoft.PowerShell.PSAuthorizationManager.ShouldRun(CommandInfo commandInfo, CommandOrigin origin, PSHost host, Exception& reason)
   bei System.Management.Automation.AuthorizationManager.ShouldRunInternal(CommandInfo commandInfo, CommandOrigin origin, PSHost host)
   --- Ende der internen Ausnahmestapelüberwachung ---
   bei System.Management.Automation.Runspaces.PipelineBase.Invoke(IEnumerable input)
   bei System.Management.Automation.PowerShell.Worker.ConstructPipelineAndDoWork(Runspace rs, Boolean performSyncInvoke)
   bei System.Management.Automation.PowerShell.Worker.CreateRunspaceIfNeededAndDoWork(Runspace rsToUse, Boolean isSync)
   bei System.Management.Automation.PowerShell.CoreInvokeHelper[TInput,TOutput](PSDataCollection`1 input, PSDataCollection`1 output, PSInvocationSettings settings)
   bei System.Management.Automation.PowerShell.CoreInvoke[TInput,TOutput](PSDataCollection`1 input, PSDataCollection`1 output, PSInvocationSettings settings)
   bei System.Management.Automation.PowerShell.Invoke(IEnumerable input, PSInvocationSettings settings)
   bei ScriptHelper.ScriptManager.TestCondition(String directoryPath, String scriptPath, String arguments, PowerShell powerShell)
11:24:24 - System.Management.Automation.PSSecurityException: Fehler bei der AuthorizationManager-Überprüfung. ---> System.Management.Automation.Host.HostException: Fehler in einem Befehl mit einer Eingabeaufforderung. Vom Hostprogramm oder Befehlstyp wird keine Benutzerinteraktion unterstützt. Für den Versuch, die Bestätigung anzufordern, wurde vom Host folgende Meldung verwendet: Führen Sie ausschließlich vertrauenswürdige Skripts aus. Skripts aus dem Internet können zwar nützlich sein, stellen jedoch auch eine potenzielle Gefahr für Ihren Computer dar. Wenn Sie diesem Skript vertrauen, lassen Sie mit dem Cmdlet "Unblock-File" die Ausführung des Skripts ohne die Warnmeldung zu. Möchten Sie "\\DS418-BC\homes\daniel\Drive\1 Dokumente\20 Arbeit\02 IT-Service Remke\01_Organisation\07_Checklisten+Tools\Tools für Checkups\BCUninstaller_4.16_portable\Resources\Scripts\Tweak\remove-special-folders-from-this-pc_check.ps1" ausführen?
   bei System.Management.Automation.Internal.Host.InternalHostUserInterface.ThrowPromptNotInteractive(String promptMessage)
   bei System.Management.Automation.Internal.Host.InternalHostUserInterface.PromptForChoice(String caption, String message, Collection`1 choices, Int32 defaultChoice)
   bei Microsoft.PowerShell.PSAuthorizationManager.RemoteFilePrompt(String path, PSHost host)
   bei Microsoft.PowerShell.PSAuthorizationManager.CheckPolicy(ExternalScriptInfo script, PSHost host, Exception& reason)
   bei Microsoft.PowerShell.PSAuthorizationManager.ShouldRun(CommandInfo commandInfo, CommandOrigin origin, PSHost host, Exception& reason)
   bei System.Management.Automation.AuthorizationManager.ShouldRunInternal(CommandInfo commandInfo, CommandOrigin origin, PSHost host)
   --- Ende der internen Ausnahmestapelüberwachung ---
   bei System.Management.Automation.Runspaces.PipelineBase.Invoke(IEnumerable input)
   bei System.Management.Automation.PowerShell.Worker.ConstructPipelineAndDoWork(Runspace rs, Boolean performSyncInvoke)
   bei System.Management.Automation.PowerShell.Worker.CreateRunspaceIfNeededAndDoWork(Runspace rsToUse, Boolean isSync)
   bei System.Management.Automation.PowerShell.CoreInvokeHelper[TInput,TOutput](PSDataCollection`1 input, PSDataCollection`1 output, PSInvocationSettings settings)
   bei System.Management.Automation.PowerShell.CoreInvoke[TInput,TOutput](PSDataCollection`1 input, PSDataCollection`1 output, PSInvocationSettings settings)
   bei System.Management.Automation.PowerShell.Invoke(IEnumerable input, PSInvocationSettings settings)
   bei ScriptHelper.ScriptManager.TestCondition(String directoryPath, String scriptPath, String arguments, PowerShell powerShell)
11:24:24 - System.Management.Automation.PSSecurityException: Fehler bei der AuthorizationManager-Überprüfung. ---> System.Management.Automation.Host.HostException: Fehler in einem Befehl mit einer Eingabeaufforderung. Vom Hostprogramm oder Befehlstyp wird keine Benutzerinteraktion unterstützt. Für den Versuch, die Bestätigung anzufordern, wurde vom Host folgende Meldung verwendet: Führen Sie ausschließlich vertrauenswürdige Skripts aus. Skripts aus dem Internet können zwar nützlich sein, stellen jedoch auch eine potenzielle Gefahr für Ihren Computer dar. Wenn Sie diesem Skript vertrauen, lassen Sie mit dem Cmdlet "Unblock-File" die Ausführung des Skripts ohne die Warnmeldung zu. Möchten Sie "\\DS418-BC\homes\daniel\Drive\1 Dokumente\20 Arbeit\02 IT-Service Remke\01_Organisation\07_Checklisten+Tools\Tools für Checkups\BCUninstaller_4.16_portable\Resources\Scripts\Tweak\remove-special-folders-from-this-pc_check.ps1" ausführen?
   bei System.Management.Automation.Internal.Host.InternalHostUserInterface.ThrowPromptNotInteractive(String promptMessage)
   bei System.Management.Automation.Internal.Host.InternalHostUserInterface.PromptForChoice(String caption, String message, Collection`1 choices, Int32 defaultChoice)
   bei Microsoft.PowerShell.PSAuthorizationManager.RemoteFilePrompt(String path, PSHost host)
   bei Microsoft.PowerShell.PSAuthorizationManager.CheckPolicy(ExternalScriptInfo script, PSHost host, Exception& reason)
   bei Microsoft.PowerShell.PSAuthorizationManager.ShouldRun(CommandInfo commandInfo, CommandOrigin origin, PSHost host, Exception& reason)
   bei System.Management.Automation.AuthorizationManager.ShouldRunInternal(CommandInfo commandInfo, CommandOrigin origin, PSHost host)
   --- Ende der internen Ausnahmestapelüberwachung ---
   bei System.Management.Automation.Runspaces.PipelineBase.Invoke(IEnumerable input)
   bei System.Management.Automation.PowerShell.Worker.ConstructPipelineAndDoWork(Runspace rs, Boolean performSyncInvoke)
   bei System.Management.Automation.PowerShell.Worker.CreateRunspaceIfNeededAndDoWork(Runspace rsToUse, Boolean isSync)
   bei System.Management.Automation.PowerShell.CoreInvokeHelper[TInput,TOutput](PSDataCollection`1 input, PSDataCollection`1 output, PSInvocationSettings settings)
   bei System.Management.Automation.PowerShell.CoreInvoke[TInput,TOutput](PSDataCollection`1 input, PSDataCollection`1 output, PSInvocationSettings settings)
   bei System.Management.Automation.PowerShell.Invoke(IEnumerable input, PSInvocationSettings settings)
   bei ScriptHelper.ScriptManager.TestCondition(String directoryPath, String scriptPath, String arguments, PowerShell powerShell)
11:24:24 - System.Management.Automation.PSSecurityException: Fehler bei der AuthorizationManager-Überprüfung. ---> System.Management.Automation.Host.HostException: Fehler in einem Befehl mit einer Eingabeaufforderung. Vom Hostprogramm oder Befehlstyp wird keine Benutzerinteraktion unterstützt. Für den Versuch, die Bestätigung anzufordern, wurde vom Host folgende Meldung verwendet: Führen Sie ausschließlich vertrauenswürdige Skripts aus. Skripts aus dem Internet können zwar nützlich sein, stellen jedoch auch eine potenzielle Gefahr für Ihren Computer dar. Wenn Sie diesem Skript vertrauen, lassen Sie mit dem Cmdlet "Unblock-File" die Ausführung des Skripts ohne die Warnmeldung zu. Möchten Sie "\\DS418-BC\homes\daniel\Drive\1 Dokumente\20 Arbeit\02 IT-Service Remke\01_Organisation\07_Checklisten+Tools\Tools für Checkups\BCUninstaller_4.16_portable\Resources\Scripts\Tweak\remove-special-folders-from-this-pc_check.ps1" ausführen?
   bei System.Management.Automation.Internal.Host.InternalHostUserInterface.ThrowPromptNotInteractive(String promptMessage)
   bei System.Management.Automation.Internal.Host.InternalHostUserInterface.PromptForChoice(String caption, String message, Collection`1 choices, Int32 defaultChoice)
   bei Microsoft.PowerShell.PSAuthorizationManager.RemoteFilePrompt(String path, PSHost host)
   bei Microsoft.PowerShell.PSAuthorizationManager.CheckPolicy(ExternalScriptInfo script, PSHost host, Exception& reason)
   bei Microsoft.PowerShell.PSAuthorizationManager.ShouldRun(CommandInfo commandInfo, CommandOrigin origin, PSHost host, Exception& reason)
   bei System.Management.Automation.AuthorizationManager.ShouldRunInternal(CommandInfo commandInfo, CommandOrigin origin, PSHost host)
   --- Ende der internen Ausnahmestapelüberwachung ---
   bei System.Management.Automation.Runspaces.PipelineBase.Invoke(IEnumerable input)
   bei System.Management.Automation.PowerShell.Worker.ConstructPipelineAndDoWork(Runspace rs, Boolean performSyncInvoke)
   bei System.Management.Automation.PowerShell.Worker.CreateRunspaceIfNeededAndDoWork(Runspace rsToUse, Boolean isSync)
   bei System.Management.Automation.PowerShell.CoreInvokeHelper[TInput,TOutput](PSDataCollection`1 input, PSDataCollection`1 output, PSInvocationSettings settings)
   bei System.Management.Automation.PowerShell.CoreInvoke[TInput,TOutput](PSDataCollection`1 input, PSDataCollection`1 output, PSInvocationSettings settings)
   bei System.Management.Automation.PowerShell.Invoke(IEnumerable input, PSInvocationSettings settings)
   bei ScriptHelper.ScriptManager.TestCondition(String directoryPath, String scriptPath, String arguments, PowerShell powerShell)
11:24:24 - System.Management.Automation.PSSecurityException: Fehler bei der AuthorizationManager-Überprüfung. ---> System.Management.Automation.Host.HostException: Fehler in einem Befehl mit einer Eingabeaufforderung. Vom Hostprogramm oder Befehlstyp wird keine Benutzerinteraktion unterstützt. Für den Versuch, die Bestätigung anzufordern, wurde vom Host folgende Meldung verwendet: Führen Sie ausschließlich vertrauenswürdige Skripts aus. Skripts aus dem Internet können zwar nützlich sein, stellen jedoch auch eine potenzielle Gefahr für Ihren Computer dar. Wenn Sie diesem Skript vertrauen, lassen Sie mit dem Cmdlet "Unblock-File" die Ausführung des Skripts ohne die Warnmeldung zu. Möchten Sie "\\DS418-BC\homes\daniel\Drive\1 Dokumente\20 Arbeit\02 IT-Service Remke\01_Organisation\07_Checklisten+Tools\Tools für Checkups\BCUninstaller_4.16_portable\Resources\Scripts\Tweak\remove-special-folders-from-this-pc_check.ps1" ausführen?
   bei System.Management.Automation.Internal.Host.InternalHostUserInterface.ThrowPromptNotInteractive(String promptMessage)
   bei System.Management.Automation.Internal.Host.InternalHostUserInterface.PromptForChoice(String caption, String message, Collection`1 choices, Int32 defaultChoice)
   bei Microsoft.PowerShell.PSAuthorizationManager.RemoteFilePrompt(String path, PSHost host)
   bei Microsoft.PowerShell.PSAuthorizationManager.CheckPolicy(ExternalScriptInfo script, PSHost host, Exception& reason)
   bei Microsoft.PowerShell.PSAuthorizationManager.ShouldRun(CommandInfo commandInfo, CommandOrigin origin, PSHost host, Exception& reason)
   bei System.Management.Automation.AuthorizationManager.ShouldRunInternal(CommandInfo commandInfo, CommandOrigin origin, PSHost host)
   --- Ende der internen Ausnahmestapelüberwachung ---
   bei System.Management.Automation.Runspaces.PipelineBase.Invoke(IEnumerable input)
   bei System.Management.Automation.PowerShell.Worker.ConstructPipelineAndDoWork(Runspace rs, Boolean performSyncInvoke)
   bei System.Management.Automation.PowerShell.Worker.CreateRunspaceIfNeededAndDoWork(Runspace rsToUse, Boolean isSync)
   bei System.Management.Automation.PowerShell.CoreInvokeHelper[TInput,TOutput](PSDataCollection`1 input, PSDataCollection`1 output, PSInvocationSettings settings)
   bei System.Management.Automation.PowerShell.CoreInvoke[TInput,TOutput](PSDataCollection`1 input, PSDataCollection`1 output, PSInvocationSettings settings)
   bei System.Management.Automation.PowerShell.Invoke(IEnumerable input, PSInvocationSettings settings)
   bei ScriptHelper.ScriptManager.TestCondition(String directoryPath, String scriptPath, String arguments, PowerShell powerShell)
